<?xml version="1.0" encoding="UTF-8"?>
<testsuite name="com.apress.prospring5.ch6.NamedJdbcCfgTest" tests="1" skipped="0" failures="0" errors="0" timestamp="2019-02-01T23:01:26" hostname="simon-XPS-15-9560" time="1.325">
  <properties/>
  <testcase name="testCfg" classname="com.apress.prospring5.ch6.NamedJdbcCfgTest" time="1.325"/>
  <system-out><![CDATA[18:31:26,502 |-INFO in ch.qos.logback.classic.LoggerContext[default] - Could NOT find resource [logback-test.xml]
18:31:26,503 |-INFO in ch.qos.logback.classic.LoggerContext[default] - Could NOT find resource [logback.groovy]
18:31:26,503 |-INFO in ch.qos.logback.classic.LoggerContext[default] - Found resource [logback.xml] at [file:/media/simon/OS/opt/book/pro%20spring%205/small/chapter06/spring-jdbc-namedparam/build/resources/main/logback.xml]
18:31:26,504 |-WARN in ch.qos.logback.classic.LoggerContext[default] - Resource [logback.xml] occurs multiple times on the classpath.
18:31:26,504 |-WARN in ch.qos.logback.classic.LoggerContext[default] - Resource [logback.xml] occurs at [file:/media/simon/OS/opt/book/pro%20spring%205/small/chapter06/spring-jdbc-namedparam/build/resources/main/logback.xml]
18:31:26,504 |-WARN in ch.qos.logback.classic.LoggerContext[default] - Resource [logback.xml] occurs at [jar:file:/media/simon/OS/opt/book/pro%20spring%205/small/chapter06/plain-jdbc/build/libs/plain-jdbc-5.0-SNAPSHOT.jar!/logback.xml]
18:31:26,567 |-INFO in ch.qos.logback.classic.joran.action.ConfigurationAction - debug attribute not set
18:31:26,569 |-INFO in ch.qos.logback.classic.joran.action.LoggerContextListenerAction - Adding LoggerContextListener of type [ch.qos.logback.classic.jul.LevelChangePropagator] to the object stack
18:31:26,581 |-INFO in ch.qos.logback.classic.jul.LevelChangePropagator@320a359f - Propagating DEBUG level on Logger[ROOT] onto the JUL framework
18:31:26,581 |-INFO in ch.qos.logback.classic.joran.action.LoggerContextListenerAction - Starting LoggerContextListener
18:31:26,581 |-INFO in ch.qos.logback.core.joran.action.AppenderAction - About to instantiate appender of type [ch.qos.logback.core.ConsoleAppender]
18:31:26,585 |-INFO in ch.qos.logback.core.joran.action.AppenderAction - Naming appender as [console]
18:31:26,586 |-INFO in ch.qos.logback.core.joran.action.NestedComplexPropertyIA - Assuming default type [ch.qos.logback.classic.encoder.PatternLayoutEncoder] for [encoder] property
18:31:26,638 |-INFO in ch.qos.logback.classic.joran.action.LoggerAction - Setting level of logger [com.apress.prospring5.ch6] to DEBUG
18:31:26,638 |-INFO in ch.qos.logback.classic.jul.LevelChangePropagator@320a359f - Propagating DEBUG level on Logger[com.apress.prospring5.ch6] onto the JUL framework
18:31:26,638 |-INFO in ch.qos.logback.classic.joran.action.LoggerAction - Setting level of logger [org.springframework] to OFF
18:31:26,638 |-INFO in ch.qos.logback.classic.jul.LevelChangePropagator@320a359f - Propagating OFF level on Logger[org.springframework] onto the JUL framework
18:31:26,638 |-INFO in ch.qos.logback.classic.joran.action.RootLoggerAction - Setting level of ROOT logger to INFO
18:31:26,638 |-INFO in ch.qos.logback.classic.jul.LevelChangePropagator@320a359f - Propagating INFO level on Logger[ROOT] onto the JUL framework
18:31:26,638 |-INFO in ch.qos.logback.core.joran.action.AppenderRefAction - Attaching appender named [console] to Logger[ROOT]
18:31:26,640 |-INFO in ch.qos.logback.classic.joran.action.ConfigurationAction - End of configuration.
18:31:26,643 |-INFO in ch.qos.logback.classic.joran.JoranConfigurator@6652a80 - Registering current configuration as safe fallback point

singerName = John Mayer
18:31:27.749 [Test worker] INFO  c.a.p.c.CleanUp -  ... Deleting database files.
]]></system-out>
  <system-err><![CDATA[]]></system-err>
</testsuite>
