<?xml version="1.0" encoding="UTF-8"?>
<testsuite name="com.apress.prospring5.ch4.config.ProfilesJavaConfigTest" tests="1" skipped="0" failures="0" errors="0" timestamp="2019-02-01T23:01:18" hostname="simon-XPS-15-9560" time="0.002">
  <properties/>
  <testcase name="testProvider" classname="com.apress.prospring5.ch4.config.ProfilesJavaConfigTest" time="0.002"/>
  <system-out><![CDATA[]]></system-out>
  <system-err><![CDATA[]]></system-err>
</testsuite>
