<?xml version="1.0" encoding="UTF-8"?>
<testsuite name="com.apress.prospring5.ch4.config.ProfilesJavaConfigTest" tests="1" skipped="0" failures="0" errors="0" timestamp="2019-01-28T15:21:25" hostname="WINDOWS-IJQMM1L" time="0.003">
  <properties/>
  <testcase name="testProvider" classname="com.apress.prospring5.ch4.config.ProfilesJavaConfigTest" time="0.003"/>
  <system-out><![CDATA[]]></system-out>
  <system-err><![CDATA[]]></system-err>
</testsuite>
