<?xml version="1.0" encoding="UTF-8"?>
<testsuite name="com.apress.prospring5.ch7.SingerDaoTest" tests="6" skipped="0" failures="0" errors="0" timestamp="2019-02-01T23:01:33" hostname="simon-XPS-15-9560" time="5.06">
  <properties/>
  <testcase name="testFindAll" classname="com.apress.prospring5.ch7.SingerDaoTest" time="3.511"/>
  <testcase name="testFindByID" classname="com.apress.prospring5.ch7.SingerDaoTest" time="0.278"/>
  <testcase name="testFindAllWithAlbum" classname="com.apress.prospring5.ch7.SingerDaoTest" time="0.324"/>
  <testcase name="testDelete" classname="com.apress.prospring5.ch7.SingerDaoTest" time="0.395"/>
  <testcase name="testInsert" classname="com.apress.prospring5.ch7.SingerDaoTest" time="0.265"/>
  <testcase name="testUpdate" classname="com.apress.prospring5.ch7.SingerDaoTest" time="0.286"/>
  <system-out><![CDATA[18:31:34.907 [Test worker] INFO  o.h.Version - HHH000412: Hibernate Core {5.2.10.Final}
18:31:34.915 [Test worker] INFO  o.h.c.Environment - HHH000206: hibernate.properties not found
18:31:34.989 [Test worker] INFO  o.h.a.c.Version - HCANN000001: Hibernate Commons Annotations {5.0.1.Final}
18:31:35.173 [Test worker] INFO  o.h.d.Dialect - HHH000400: Using dialect: org.hibernate.dialect.MySQLDialect
18:31:36.237 [Test worker] INFO  o.h.h.i.QueryTranslatorFactoryInitiator - HHH000397: Using ASTQueryTranslatorFactory
18:31:36.805 [Test worker] INFO  c.a.p.c.SingerDaoTest -  ---- Listing singers:
18:31:36.806 [Test worker] INFO  c.a.p.c.SingerDaoTest - Singer - Id: 1, First name: John, Last name: Mayer, Birthday: 1977-10-16
18:31:36.806 [Test worker] INFO  c.a.p.c.SingerDaoTest - Singer - Id: 2, First name: Eric, Last name: Clapton, Birthday: 1945-03-30
18:31:36.806 [Test worker] INFO  c.a.p.c.SingerDaoTest - Singer - Id: 3, First name: John, Last name: Butler, Birthday: 1975-04-01
18:31:36.937 [Test worker] INFO  o.h.d.Dialect - HHH000400: Using dialect: org.hibernate.dialect.MySQLDialect
18:31:37.001 [Test worker] INFO  o.h.h.i.QueryTranslatorFactoryInitiator - HHH000397: Using ASTQueryTranslatorFactory
18:31:37.087 [Test worker] INFO  c.a.p.c.SingerDaoTest - Singer - Id: 1, First name: John, Last name: Mayer, Birthday: 1977-10-16
18:31:37.220 [Test worker] INFO  o.h.d.Dialect - HHH000400: Using dialect: org.hibernate.dialect.MySQLDialect
18:31:37.284 [Test worker] INFO  o.h.h.i.QueryTranslatorFactoryInitiator - HHH000397: Using ASTQueryTranslatorFactory
18:31:37.401 [Test worker] INFO  c.a.p.c.SingerDaoTest -  ---- Listing singers with instruments:
18:31:37.402 [Test worker] INFO  c.a.p.c.SingerDaoTest - Singer - Id: 1, First name: John, Last name: Mayer, Birthday: 1977-10-16
18:31:37.406 [Test worker] INFO  c.a.p.c.SingerDaoTest - 	Album - Id: 2, Singer id: 1, Title: Battle Studies, Release Date: 2009-11-17
18:31:37.406 [Test worker] INFO  c.a.p.c.SingerDaoTest - 	Album - Id: 1, Singer id: 1, Title: The Search For Everything, Release Date: 2017-01-20
18:31:37.407 [Test worker] INFO  c.a.p.c.SingerDaoTest - Singer - Id: 3, First name: John, Last name: Butler, Birthday: 1975-04-01
18:31:37.408 [Test worker] INFO  c.a.p.c.SingerDaoTest - Singer - Id: 2, First name: Eric, Last name: Clapton, Birthday: 1945-03-30
18:31:37.408 [Test worker] INFO  c.a.p.c.SingerDaoTest - 	Album - Id: 3, Singer id: 2, Title: From The Cradle , Release Date: 1994-09-13
18:31:37.668 [Test worker] INFO  o.h.d.Dialect - HHH000400: Using dialect: org.hibernate.dialect.MySQLDialect
18:31:37.735 [Test worker] INFO  o.h.h.i.QueryTranslatorFactoryInitiator - HHH000397: Using ASTQueryTranslatorFactory
18:31:37.783 [Test worker] INFO  c.a.p.c.d.SingerDaoImpl - Singer deleted with id: 2
18:31:37.805 [Test worker] INFO  c.a.p.c.SingerDaoTest -  ---- Listing singers with instruments:
18:31:37.806 [Test worker] INFO  c.a.p.c.SingerDaoTest - Singer - Id: 1, First name: John, Last name: Mayer, Birthday: 1977-10-16
18:31:37.806 [Test worker] INFO  c.a.p.c.SingerDaoTest - 	Album - Id: 2, Singer id: 1, Title: Battle Studies, Release Date: 2009-11-17
18:31:37.806 [Test worker] INFO  c.a.p.c.SingerDaoTest - 	Album - Id: 1, Singer id: 1, Title: The Search For Everything, Release Date: 2017-01-20
18:31:37.806 [Test worker] INFO  c.a.p.c.SingerDaoTest - Singer - Id: 3, First name: John, Last name: Butler, Birthday: 1975-04-01
18:31:37.903 [Test worker] INFO  o.h.d.Dialect - HHH000400: Using dialect: org.hibernate.dialect.MySQLDialect
18:31:37.947 [Test worker] INFO  o.h.h.i.QueryTranslatorFactoryInitiator - HHH000397: Using ASTQueryTranslatorFactory
18:31:38.050 [Test worker] INFO  c.a.p.c.d.SingerDaoImpl - Singer saved with id: 4
18:31:38.071 [Test worker] INFO  c.a.p.c.SingerDaoTest -  ---- Listing singers with instruments:
18:31:38.071 [Test worker] INFO  c.a.p.c.SingerDaoTest - Singer - Id: 4, First name: BB, Last name: King, Birthday: 1940-09-16
18:31:38.071 [Test worker] INFO  c.a.p.c.SingerDaoTest - 	Album - Id: 4, Singer id: 4, Title: A Heart Full of Blues, Release Date: 1962-04-20
18:31:38.071 [Test worker] INFO  c.a.p.c.SingerDaoTest - 	Album - Id: 5, Singer id: 4, Title: My Kind of Blues, Release Date: 1961-08-18
18:31:38.071 [Test worker] INFO  c.a.p.c.SingerDaoTest - Singer - Id: 1, First name: John, Last name: Mayer, Birthday: 1977-10-16
18:31:38.071 [Test worker] INFO  c.a.p.c.SingerDaoTest - 	Album - Id: 2, Singer id: 1, Title: Battle Studies, Release Date: 2009-11-17
18:31:38.071 [Test worker] INFO  c.a.p.c.SingerDaoTest - 	Album - Id: 1, Singer id: 1, Title: The Search For Everything, Release Date: 2017-01-20
18:31:38.071 [Test worker] INFO  c.a.p.c.SingerDaoTest - Singer - Id: 3, First name: John, Last name: Butler, Birthday: 1975-04-01
18:31:38.071 [Test worker] INFO  c.a.p.c.SingerDaoTest - Singer - Id: 2, First name: Eric, Last name: Clapton, Birthday: 1945-03-30
18:31:38.071 [Test worker] INFO  c.a.p.c.SingerDaoTest - 	Album - Id: 3, Singer id: 2, Title: From The Cradle , Release Date: 1994-09-13
18:31:38.250 [Test worker] INFO  o.h.d.Dialect - HHH000400: Using dialect: org.hibernate.dialect.MySQLDialect
18:31:38.303 [Test worker] INFO  o.h.h.i.QueryTranslatorFactoryInitiator - HHH000397: Using ASTQueryTranslatorFactory
18:31:38.350 [Test worker] INFO  c.a.p.c.d.SingerDaoImpl - Singer saved with id: 1
18:31:38.358 [Test worker] INFO  c.a.p.c.SingerDaoTest -  ---- Listing singers with instruments:
18:31:38.358 [Test worker] INFO  c.a.p.c.SingerDaoTest - Singer - Id: 1, First name: John Clayton, Last name: Mayer, Birthday: 1977-10-16
18:31:38.358 [Test worker] INFO  c.a.p.c.SingerDaoTest - 	Album - Id: 1, Singer id: 1, Title: The Search For Everything, Release Date: 2017-01-20
18:31:38.358 [Test worker] INFO  c.a.p.c.SingerDaoTest - Singer - Id: 2, First name: Eric, Last name: Clapton, Birthday: 1945-03-30
18:31:38.358 [Test worker] INFO  c.a.p.c.SingerDaoTest - 	Album - Id: 3, Singer id: 2, Title: From The Cradle , Release Date: 1994-09-13
18:31:38.358 [Test worker] INFO  c.a.p.c.SingerDaoTest - Singer - Id: 3, First name: John, Last name: Butler, Birthday: 1975-04-01
]]></system-out>
  <system-err><![CDATA[]]></system-err>
</testsuite>
