<?xml version="1.0" encoding="UTF-8"?>
<testsuite name="com.apress.prospring5.ch8.SingerJPATest" tests="6" skipped="0" failures="0" errors="0" timestamp="2019-02-01T23:01:53" hostname="simon-XPS-15-9560" time="4.548">
  <properties/>
  <testcase name="testFindAll" classname="com.apress.prospring5.ch8.SingerJPATest" time="3.14"/>
  <testcase name="testFindById" classname="com.apress.prospring5.ch8.SingerJPATest" time="0.312"/>
  <testcase name="testFindAllWithAlbum" classname="com.apress.prospring5.ch8.SingerJPATest" time="0.248"/>
  <testcase name="testDelete" classname="com.apress.prospring5.ch8.SingerJPATest" time="0.273"/>
  <testcase name="testInsert" classname="com.apress.prospring5.ch8.SingerJPATest" time="0.268"/>
  <testcase name="testUpdate" classname="com.apress.prospring5.ch8.SingerJPATest" time="0.306"/>
  <system-out><![CDATA[18:31:54.385 [Test worker] INFO  o.h.j.i.u.LogHelper - HHH000204: Processing PersistenceUnitInfo [
	name: default
	...]
18:31:54.652 [Test worker] INFO  o.h.Version - HHH000412: Hibernate Core {5.2.10.Final}
18:31:54.678 [Test worker] INFO  o.h.c.Environment - HHH000206: hibernate.properties not found
18:31:54.738 [Test worker] INFO  o.h.a.c.Version - HCANN000001: Hibernate Commons Annotations {5.0.1.Final}
18:31:54.967 [Test worker] INFO  o.h.d.Dialect - HHH000400: Using dialect: org.hibernate.dialect.H2Dialect
18:31:55.839 [Test worker] INFO  o.h.h.i.QueryTranslatorFactoryInitiator - HHH000397: Using ASTQueryTranslatorFactory
Hibernate: 
    /* Singer.findAll */ select
        singer0_.ID as ID1_2_,
        singer0_.BIRTH_DATE as BIRTH_DA2_2_,
        singer0_.FIRST_NAME as FIRST_NA3_2_,
        singer0_.LAST_NAME as LAST_NAM4_2_,
        singer0_.VERSION as VERSION5_2_ 
    from
        singer singer0_
18:31:56.307 [Test worker] INFO  c.a.p.c.SingerJPATest -  ---- Listing singers:
18:31:56.307 [Test worker] INFO  c.a.p.c.SingerJPATest - Singer - Id: 1, First name: John, Last name: Mayer, Birthday: 1977-10-16
18:31:56.308 [Test worker] INFO  c.a.p.c.SingerJPATest - Singer - Id: 2, First name: Eric, Last name: Clapton, Birthday: 1945-03-30
18:31:56.308 [Test worker] INFO  c.a.p.c.SingerJPATest - Singer - Id: 3, First name: John, Last name: Butler, Birthday: 1975-04-01
18:31:56.458 [Test worker] INFO  o.h.j.i.u.LogHelper - HHH000204: Processing PersistenceUnitInfo [
	name: default
	...]
18:31:56.473 [Test worker] INFO  o.h.d.Dialect - HHH000400: Using dialect: org.hibernate.dialect.H2Dialect
18:31:56.518 [Test worker] INFO  o.h.h.i.QueryTranslatorFactoryInitiator - HHH000397: Using ASTQueryTranslatorFactory
Hibernate: 
    /* Singer.findById */ select
        distinct singer0_.ID as ID1_2_0_,
        albums1_.ID as ID1_0_1_,
        instrument3_.INSTRUMENT_ID as INSTRUME1_1_2_,
        singer0_.BIRTH_DATE as BIRTH_DA2_2_0_,
        singer0_.FIRST_NAME as FIRST_NA3_2_0_,
        singer0_.LAST_NAME as LAST_NAM4_2_0_,
        singer0_.VERSION as VERSION5_2_0_,
        albums1_.RELEASE_DATE as RELEASE_2_0_1_,
        albums1_.SINGER_ID as SINGER_I5_0_1_,
        albums1_.title as title3_0_1_,
        albums1_.VERSION as VERSION4_0_1_,
        albums1_.SINGER_ID as SINGER_I5_0_0__,
        albums1_.ID as ID1_0_0__,
        instrument2_.SINGER_ID as SINGER_I1_3_1__,
        instrument2_.INSTRUMENT_ID as INSTRUME2_3_1__ 
    from
        singer singer0_ 
    left outer join
        album albums1_ 
            on singer0_.ID=albums1_.SINGER_ID 
    left outer join
        singer_instrument instrument2_ 
            on singer0_.ID=instrument2_.SINGER_ID 
    left outer join
        instrument instrument3_ 
            on instrument2_.INSTRUMENT_ID=instrument3_.INSTRUMENT_ID 
    where
        singer0_.ID=?
18:31:56.621 [Test worker] INFO  c.a.p.c.SingerJPATest - Singer - Id: 1, First name: John, Last name: Mayer, Birthday: 1977-10-16
18:31:56.749 [Test worker] INFO  o.h.j.i.u.LogHelper - HHH000204: Processing PersistenceUnitInfo [
	name: default
	...]
18:31:56.763 [Test worker] INFO  o.h.d.Dialect - HHH000400: Using dialect: org.hibernate.dialect.H2Dialect
18:31:56.798 [Test worker] INFO  o.h.h.i.QueryTranslatorFactoryInitiator - HHH000397: Using ASTQueryTranslatorFactory
Hibernate: 
    /* Singer.findAllWithAlbum */ select
        distinct singer0_.ID as ID1_2_0_,
        albums1_.ID as ID1_0_1_,
        instrument3_.INSTRUMENT_ID as INSTRUME1_1_2_,
        singer0_.BIRTH_DATE as BIRTH_DA2_2_0_,
        singer0_.FIRST_NAME as FIRST_NA3_2_0_,
        singer0_.LAST_NAME as LAST_NAM4_2_0_,
        singer0_.VERSION as VERSION5_2_0_,
        albums1_.RELEASE_DATE as RELEASE_2_0_1_,
        albums1_.SINGER_ID as SINGER_I5_0_1_,
        albums1_.title as title3_0_1_,
        albums1_.VERSION as VERSION4_0_1_,
        albums1_.SINGER_ID as SINGER_I5_0_0__,
        albums1_.ID as ID1_0_0__,
        instrument2_.SINGER_ID as SINGER_I1_3_1__,
        instrument2_.INSTRUMENT_ID as INSTRUME2_3_1__ 
    from
        singer singer0_ 
    left outer join
        album albums1_ 
            on singer0_.ID=albums1_.SINGER_ID 
    left outer join
        singer_instrument instrument2_ 
            on singer0_.ID=instrument2_.SINGER_ID 
    left outer join
        instrument instrument3_ 
            on instrument2_.INSTRUMENT_ID=instrument3_.INSTRUMENT_ID
18:31:56.867 [Test worker] INFO  c.a.p.c.SingerJPATest -  ---- Listing singers with instruments:
18:31:56.868 [Test worker] INFO  c.a.p.c.SingerJPATest - Singer - Id: 1, First name: John, Last name: Mayer, Birthday: 1977-10-16
18:31:56.869 [Test worker] INFO  c.a.p.c.SingerJPATest - 	Album - id: 1, Singer id: 1, Title: The Search For Everything, Release Date: 2017-01-20
18:31:56.869 [Test worker] INFO  c.a.p.c.SingerJPATest - 	Album - id: 2, Singer id: 1, Title: Battle Studies, Release Date: 2009-11-17
18:31:56.870 [Test worker] INFO  c.a.p.c.SingerJPATest - 	Instrument: Guitar
18:31:56.870 [Test worker] INFO  c.a.p.c.SingerJPATest - 	Instrument: Piano
18:31:56.870 [Test worker] INFO  c.a.p.c.SingerJPATest - Singer - Id: 3, First name: John, Last name: Butler, Birthday: 1975-04-01
18:31:56.870 [Test worker] INFO  c.a.p.c.SingerJPATest - Singer - Id: 2, First name: Eric, Last name: Clapton, Birthday: 1945-03-30
18:31:56.870 [Test worker] INFO  c.a.p.c.SingerJPATest - 	Album - id: 3, Singer id: 2, Title: From The Cradle , Release Date: 1994-09-13
18:31:56.870 [Test worker] INFO  c.a.p.c.SingerJPATest - 	Instrument: Guitar
18:31:56.988 [Test worker] INFO  o.h.j.i.u.LogHelper - HHH000204: Processing PersistenceUnitInfo [
	name: default
	...]
18:31:57.002 [Test worker] INFO  o.h.d.Dialect - HHH000400: Using dialect: org.hibernate.dialect.H2Dialect
18:31:57.042 [Test worker] INFO  o.h.h.i.QueryTranslatorFactoryInitiator - HHH000397: Using ASTQueryTranslatorFactory
Hibernate: 
    /* Singer.findById */ select
        distinct singer0_.ID as ID1_2_0_,
        albums1_.ID as ID1_0_1_,
        instrument3_.INSTRUMENT_ID as INSTRUME1_1_2_,
        singer0_.BIRTH_DATE as BIRTH_DA2_2_0_,
        singer0_.FIRST_NAME as FIRST_NA3_2_0_,
        singer0_.LAST_NAME as LAST_NAM4_2_0_,
        singer0_.VERSION as VERSION5_2_0_,
        albums1_.RELEASE_DATE as RELEASE_2_0_1_,
        albums1_.SINGER_ID as SINGER_I5_0_1_,
        albums1_.title as title3_0_1_,
        albums1_.VERSION as VERSION4_0_1_,
        albums1_.SINGER_ID as SINGER_I5_0_0__,
        albums1_.ID as ID1_0_0__,
        instrument2_.SINGER_ID as SINGER_I1_3_1__,
        instrument2_.INSTRUMENT_ID as INSTRUME2_3_1__ 
    from
        singer singer0_ 
    left outer join
        album albums1_ 
            on singer0_.ID=albums1_.SINGER_ID 
    left outer join
        singer_instrument instrument2_ 
            on singer0_.ID=instrument2_.SINGER_ID 
    left outer join
        instrument instrument3_ 
            on instrument2_.INSTRUMENT_ID=instrument3_.INSTRUMENT_ID 
    where
        singer0_.ID=?
Hibernate: 
    /* load com.apress.prospring5.ch8.entities.Singer */ select
        singer0_.ID as ID1_2_1_,
        singer0_.BIRTH_DATE as BIRTH_DA2_2_1_,
        singer0_.FIRST_NAME as FIRST_NA3_2_1_,
        singer0_.LAST_NAME as LAST_NAM4_2_1_,
        singer0_.VERSION as VERSION5_2_1_,
        albums1_.SINGER_ID as SINGER_I5_0_3_,
        albums1_.ID as ID1_0_3_,
        albums1_.ID as ID1_0_0_,
        albums1_.RELEASE_DATE as RELEASE_2_0_0_,
        albums1_.SINGER_ID as SINGER_I5_0_0_,
        albums1_.title as title3_0_0_,
        albums1_.VERSION as VERSION4_0_0_ 
    from
        singer singer0_ 
    left outer join
        album albums1_ 
            on singer0_.ID=albums1_.SINGER_ID 
    where
        singer0_.ID=?
Hibernate: 
    select
        instrument0_.SINGER_ID as SINGER_I1_3_0_,
        instrument0_.INSTRUMENT_ID as INSTRUME2_3_0_,
        instrument1_.INSTRUMENT_ID as INSTRUME1_1_1_ 
    from
        singer_instrument instrument0_ 
    inner join
        instrument instrument1_ 
            on instrument0_.INSTRUMENT_ID=instrument1_.INSTRUMENT_ID 
    where
        instrument0_.SINGER_ID=?
18:31:57.104 [Test worker] INFO  c.a.p.c.s.SingerServiceImpl - Singer with id: 2 deleted successfully
Hibernate: 
    /* delete collection com.apress.prospring5.ch8.entities.Singer.instruments */ delete 
        from
            singer_instrument 
        where
            SINGER_ID=?
Hibernate: 
    /* delete com.apress.prospring5.ch8.entities.Album */ delete 
        from
            album 
        where
            ID=? 
            and VERSION=?
Hibernate: 
    /* delete com.apress.prospring5.ch8.entities.Singer */ delete 
        from
            singer 
        where
            ID=? 
            and VERSION=?
Hibernate: 
    /* Singer.findAllWithAlbum */ select
        distinct singer0_.ID as ID1_2_0_,
        albums1_.ID as ID1_0_1_,
        instrument3_.INSTRUMENT_ID as INSTRUME1_1_2_,
        singer0_.BIRTH_DATE as BIRTH_DA2_2_0_,
        singer0_.FIRST_NAME as FIRST_NA3_2_0_,
        singer0_.LAST_NAME as LAST_NAM4_2_0_,
        singer0_.VERSION as VERSION5_2_0_,
        albums1_.RELEASE_DATE as RELEASE_2_0_1_,
        albums1_.SINGER_ID as SINGER_I5_0_1_,
        albums1_.title as title3_0_1_,
        albums1_.VERSION as VERSION4_0_1_,
        albums1_.SINGER_ID as SINGER_I5_0_0__,
        albums1_.ID as ID1_0_0__,
        instrument2_.SINGER_ID as SINGER_I1_3_1__,
        instrument2_.INSTRUMENT_ID as INSTRUME2_3_1__ 
    from
        singer singer0_ 
    left outer join
        album albums1_ 
            on singer0_.ID=albums1_.SINGER_ID 
    left outer join
        singer_instrument instrument2_ 
            on singer0_.ID=instrument2_.SINGER_ID 
    left outer join
        instrument instrument3_ 
            on instrument2_.INSTRUMENT_ID=instrument3_.INSTRUMENT_ID
18:31:57.139 [Test worker] INFO  c.a.p.c.SingerJPATest -  ---- Listing singers with instruments:
18:31:57.139 [Test worker] INFO  c.a.p.c.SingerJPATest - Singer - Id: 1, First name: John, Last name: Mayer, Birthday: 1977-10-16
18:31:57.140 [Test worker] INFO  c.a.p.c.SingerJPATest - 	Album - id: 1, Singer id: 1, Title: The Search For Everything, Release Date: 2017-01-20
18:31:57.141 [Test worker] INFO  c.a.p.c.SingerJPATest - 	Album - id: 2, Singer id: 1, Title: Battle Studies, Release Date: 2009-11-17
18:31:57.141 [Test worker] INFO  c.a.p.c.SingerJPATest - 	Instrument: Guitar
18:31:57.141 [Test worker] INFO  c.a.p.c.SingerJPATest - 	Instrument: Piano
18:31:57.142 [Test worker] INFO  c.a.p.c.SingerJPATest - Singer - Id: 3, First name: John, Last name: Butler, Birthday: 1975-04-01
18:31:57.264 [Test worker] INFO  o.h.j.i.u.LogHelper - HHH000204: Processing PersistenceUnitInfo [
	name: default
	...]
18:31:57.276 [Test worker] INFO  o.h.d.Dialect - HHH000400: Using dialect: org.hibernate.dialect.H2Dialect
18:31:57.316 [Test worker] INFO  o.h.h.i.QueryTranslatorFactoryInitiator - HHH000397: Using ASTQueryTranslatorFactory
18:31:57.374 [Test worker] INFO  c.a.p.c.s.SingerServiceImpl - Inserting new singer
Hibernate: 
    /* insert com.apress.prospring5.ch8.entities.Singer
        */ insert 
        into
            singer
            (ID, BIRTH_DATE, FIRST_NAME, LAST_NAME, VERSION) 
        values
            (null, ?, ?, ?, ?)
Hibernate: 
    /* insert com.apress.prospring5.ch8.entities.Album
        */ insert 
        into
            album
            (ID, RELEASE_DATE, SINGER_ID, title, VERSION) 
        values
            (null, ?, ?, ?, ?)
Hibernate: 
    /* insert com.apress.prospring5.ch8.entities.Album
        */ insert 
        into
            album
            (ID, RELEASE_DATE, SINGER_ID, title, VERSION) 
        values
            (null, ?, ?, ?, ?)
18:31:57.402 [Test worker] INFO  c.a.p.c.s.SingerServiceImpl - Singer saved with id: 4
Hibernate: 
    /* Singer.findAllWithAlbum */ select
        distinct singer0_.ID as ID1_2_0_,
        albums1_.ID as ID1_0_1_,
        instrument3_.INSTRUMENT_ID as INSTRUME1_1_2_,
        singer0_.BIRTH_DATE as BIRTH_DA2_2_0_,
        singer0_.FIRST_NAME as FIRST_NA3_2_0_,
        singer0_.LAST_NAME as LAST_NAM4_2_0_,
        singer0_.VERSION as VERSION5_2_0_,
        albums1_.RELEASE_DATE as RELEASE_2_0_1_,
        albums1_.SINGER_ID as SINGER_I5_0_1_,
        albums1_.title as title3_0_1_,
        albums1_.VERSION as VERSION4_0_1_,
        albums1_.SINGER_ID as SINGER_I5_0_0__,
        albums1_.ID as ID1_0_0__,
        instrument2_.SINGER_ID as SINGER_I1_3_1__,
        instrument2_.INSTRUMENT_ID as INSTRUME2_3_1__ 
    from
        singer singer0_ 
    left outer join
        album albums1_ 
            on singer0_.ID=albums1_.SINGER_ID 
    left outer join
        singer_instrument instrument2_ 
            on singer0_.ID=instrument2_.SINGER_ID 
    left outer join
        instrument instrument3_ 
            on instrument2_.INSTRUMENT_ID=instrument3_.INSTRUMENT_ID
18:31:57.411 [Test worker] INFO  c.a.p.c.SingerJPATest -  ---- Listing singers with instruments:
18:31:57.411 [Test worker] INFO  c.a.p.c.SingerJPATest - Singer - Id: 4, First name: BB, Last name: King, Birthday: 1940-09-16
18:31:57.411 [Test worker] INFO  c.a.p.c.SingerJPATest - 	Album - id: 5, Singer id: 4, Title: My Kind of Blues, Release Date: 1961-08-18
18:31:57.411 [Test worker] INFO  c.a.p.c.SingerJPATest - 	Album - id: 4, Singer id: 4, Title: A Heart Full of Blues, Release Date: 1962-04-20
18:31:57.412 [Test worker] INFO  c.a.p.c.SingerJPATest - Singer - Id: 1, First name: John, Last name: Mayer, Birthday: 1977-10-16
18:31:57.412 [Test worker] INFO  c.a.p.c.SingerJPATest - 	Album - id: 1, Singer id: 1, Title: The Search For Everything, Release Date: 2017-01-20
18:31:57.412 [Test worker] INFO  c.a.p.c.SingerJPATest - 	Album - id: 2, Singer id: 1, Title: Battle Studies, Release Date: 2009-11-17
18:31:57.412 [Test worker] INFO  c.a.p.c.SingerJPATest - 	Instrument: Guitar
18:31:57.412 [Test worker] INFO  c.a.p.c.SingerJPATest - 	Instrument: Piano
18:31:57.412 [Test worker] INFO  c.a.p.c.SingerJPATest - Singer - Id: 3, First name: John, Last name: Butler, Birthday: 1975-04-01
18:31:57.412 [Test worker] INFO  c.a.p.c.SingerJPATest - Singer - Id: 2, First name: Eric, Last name: Clapton, Birthday: 1945-03-30
18:31:57.412 [Test worker] INFO  c.a.p.c.SingerJPATest - 	Album - id: 3, Singer id: 2, Title: From The Cradle , Release Date: 1994-09-13
18:31:57.413 [Test worker] INFO  c.a.p.c.SingerJPATest - 	Instrument: Guitar
18:31:57.555 [Test worker] INFO  o.h.j.i.u.LogHelper - HHH000204: Processing PersistenceUnitInfo [
	name: default
	...]
18:31:57.569 [Test worker] INFO  o.h.d.Dialect - HHH000400: Using dialect: org.hibernate.dialect.H2Dialect
18:31:57.612 [Test worker] INFO  o.h.h.i.QueryTranslatorFactoryInitiator - HHH000397: Using ASTQueryTranslatorFactory
Hibernate: 
    /* Singer.findById */ select
        distinct singer0_.ID as ID1_2_0_,
        albums1_.ID as ID1_0_1_,
        instrument3_.INSTRUMENT_ID as INSTRUME1_1_2_,
        singer0_.BIRTH_DATE as BIRTH_DA2_2_0_,
        singer0_.FIRST_NAME as FIRST_NA3_2_0_,
        singer0_.LAST_NAME as LAST_NAM4_2_0_,
        singer0_.VERSION as VERSION5_2_0_,
        albums1_.RELEASE_DATE as RELEASE_2_0_1_,
        albums1_.SINGER_ID as SINGER_I5_0_1_,
        albums1_.title as title3_0_1_,
        albums1_.VERSION as VERSION4_0_1_,
        albums1_.SINGER_ID as SINGER_I5_0_0__,
        albums1_.ID as ID1_0_0__,
        instrument2_.SINGER_ID as SINGER_I1_3_1__,
        instrument2_.INSTRUMENT_ID as INSTRUME2_3_1__ 
    from
        singer singer0_ 
    left outer join
        album albums1_ 
            on singer0_.ID=albums1_.SINGER_ID 
    left outer join
        singer_instrument instrument2_ 
            on singer0_.ID=instrument2_.SINGER_ID 
    left outer join
        instrument instrument3_ 
            on instrument2_.INSTRUMENT_ID=instrument3_.INSTRUMENT_ID 
    where
        singer0_.ID=?
Hibernate: 
    /* load com.apress.prospring5.ch8.entities.Singer */ select
        singer0_.ID as ID1_2_1_,
        singer0_.BIRTH_DATE as BIRTH_DA2_2_1_,
        singer0_.FIRST_NAME as FIRST_NA3_2_1_,
        singer0_.LAST_NAME as LAST_NAM4_2_1_,
        singer0_.VERSION as VERSION5_2_1_,
        albums1_.SINGER_ID as SINGER_I5_0_3_,
        albums1_.ID as ID1_0_3_,
        albums1_.ID as ID1_0_0_,
        albums1_.RELEASE_DATE as RELEASE_2_0_0_,
        albums1_.SINGER_ID as SINGER_I5_0_0_,
        albums1_.title as title3_0_0_,
        albums1_.VERSION as VERSION4_0_0_ 
    from
        singer singer0_ 
    left outer join
        album albums1_ 
            on singer0_.ID=albums1_.SINGER_ID 
    where
        singer0_.ID=?
Hibernate: 
    select
        instrument0_.SINGER_ID as SINGER_I1_3_0_,
        instrument0_.INSTRUMENT_ID as INSTRUME2_3_0_,
        instrument1_.INSTRUMENT_ID as INSTRUME1_1_1_ 
    from
        singer_instrument instrument0_ 
    inner join
        instrument instrument1_ 
            on instrument0_.INSTRUMENT_ID=instrument1_.INSTRUMENT_ID 
    where
        instrument0_.SINGER_ID=?
18:31:57.697 [Test worker] INFO  c.a.p.c.s.SingerServiceImpl - Updating existing singer
18:31:57.697 [Test worker] INFO  c.a.p.c.s.SingerServiceImpl - Singer saved with id: 1
Hibernate: 
    /* update
        com.apress.prospring5.ch8.entities.Singer */ update
            singer 
        set
            BIRTH_DATE=?,
            FIRST_NAME=?,
            LAST_NAME=?,
            VERSION=? 
        where
            ID=? 
            and VERSION=?
Hibernate: 
    /* delete com.apress.prospring5.ch8.entities.Album */ delete 
        from
            album 
        where
            ID=? 
            and VERSION=?
Hibernate: 
    /* Singer.findAllWithAlbum */ select
        distinct singer0_.ID as ID1_2_0_,
        albums1_.ID as ID1_0_1_,
        instrument3_.INSTRUMENT_ID as INSTRUME1_1_2_,
        singer0_.BIRTH_DATE as BIRTH_DA2_2_0_,
        singer0_.FIRST_NAME as FIRST_NA3_2_0_,
        singer0_.LAST_NAME as LAST_NAM4_2_0_,
        singer0_.VERSION as VERSION5_2_0_,
        albums1_.RELEASE_DATE as RELEASE_2_0_1_,
        albums1_.SINGER_ID as SINGER_I5_0_1_,
        albums1_.title as title3_0_1_,
        albums1_.VERSION as VERSION4_0_1_,
        albums1_.SINGER_ID as SINGER_I5_0_0__,
        albums1_.ID as ID1_0_0__,
        instrument2_.SINGER_ID as SINGER_I1_3_1__,
        instrument2_.INSTRUMENT_ID as INSTRUME2_3_1__ 
    from
        singer singer0_ 
    left outer join
        album albums1_ 
            on singer0_.ID=albums1_.SINGER_ID 
    left outer join
        singer_instrument instrument2_ 
            on singer0_.ID=instrument2_.SINGER_ID 
    left outer join
        instrument instrument3_ 
            on instrument2_.INSTRUMENT_ID=instrument3_.INSTRUMENT_ID
18:31:57.717 [Test worker] INFO  c.a.p.c.SingerJPATest -  ---- Listing singers with instruments:
18:31:57.718 [Test worker] INFO  c.a.p.c.SingerJPATest - Singer - Id: 1, First name: John Clayton, Last name: Mayer, Birthday: 1977-10-16
18:31:57.718 [Test worker] INFO  c.a.p.c.SingerJPATest - 	Album - id: 1, Singer id: 1, Title: The Search For Everything, Release Date: 2017-01-20
18:31:57.718 [Test worker] INFO  c.a.p.c.SingerJPATest - 	Instrument: Piano
18:31:57.718 [Test worker] INFO  c.a.p.c.SingerJPATest - 	Instrument: Guitar
18:31:57.718 [Test worker] INFO  c.a.p.c.SingerJPATest - Singer - Id: 2, First name: Eric, Last name: Clapton, Birthday: 1945-03-30
18:31:57.718 [Test worker] INFO  c.a.p.c.SingerJPATest - 	Album - id: 3, Singer id: 2, Title: From The Cradle , Release Date: 1994-09-13
18:31:57.718 [Test worker] INFO  c.a.p.c.SingerJPATest - 	Instrument: Guitar
18:31:57.718 [Test worker] INFO  c.a.p.c.SingerJPATest - Singer - Id: 3, First name: John, Last name: Butler, Birthday: 1975-04-01
]]></system-out>
  <system-err><![CDATA[]]></system-err>
</testsuite>
