<?xml version="1.0" encoding="UTF-8"?>
<testsuite name="com.apress.prospring5.ch3.xml.BeanNamingTest" tests="1" skipped="0" failures="0" errors="0" timestamp="2019-01-28T15:21:11" hostname="WINDOWS-IJQMM1L" time="0.858">
  <properties/>
  <testcase name="testNaming" classname="com.apress.prospring5.ch3.xml.BeanNamingTest" time="0.858"/>
  <system-out><![CDATA[]]></system-out>
  <system-err><![CDATA[]]></system-err>
</testsuite>
