<?xml version="1.0" encoding="UTF-8"?>
<testsuite name="com.apress.prospring5.ch8.SingerDataJPATest" tests="5" skipped="0" failures="0" errors="0" timestamp="2019-02-01T23:02:04" hostname="simon-XPS-15-9560" time="5.932">
  <properties/>
  <testcase name="testFindBySinger" classname="com.apress.prospring5.ch8.SingerDataJPATest" time="4.228"/>
  <testcase name="testFindAll" classname="com.apress.prospring5.ch8.SingerDataJPATest" time="0.418"/>
  <testcase name="testFindByFirstNameAndLastName" classname="com.apress.prospring5.ch8.SingerDataJPATest" time="0.548"/>
  <testcase name="testFindByTitle" classname="com.apress.prospring5.ch8.SingerDataJPATest" time="0.368"/>
  <testcase name="testFindByFirstName" classname="com.apress.prospring5.ch8.SingerDataJPATest" time="0.369"/>
  <system-out><![CDATA[18:32:05.936 [Test worker] INFO  o.h.j.i.u.LogHelper - HHH000204: Processing PersistenceUnitInfo [
	name: default
	...]
18:32:06.104 [Test worker] INFO  o.h.Version - HHH000412: Hibernate Core {5.2.10.Final}
18:32:06.106 [Test worker] INFO  o.h.c.Environment - HHH000206: hibernate.properties not found
18:32:06.172 [Test worker] INFO  o.h.a.c.Version - HCANN000001: Hibernate Commons Annotations {5.0.1.Final}
18:32:06.379 [Test worker] INFO  o.h.d.Dialect - HHH000400: Using dialect: org.hibernate.dialect.H2Dialect
Hibernate: 
    
    drop table album if exists
Hibernate: 
    
    drop table instrument if exists
Hibernate: 
    
    drop table singer if exists
Hibernate: 
    
    drop table singer_instrument if exists
Hibernate: 
    
    create table album (
       ID bigint generated by default as identity,
        RELEASE_DATE date,
        title varchar(255),
        VERSION integer,
        SINGER_ID bigint,
        primary key (ID)
    )
Hibernate: 
    
    create table instrument (
       INSTRUMENT_ID varchar(255) not null,
        primary key (INSTRUMENT_ID)
    )
Hibernate: 
    
    create table singer (
       ID bigint generated by default as identity,
        BIRTH_DATE date,
        FIRST_NAME varchar(255),
        LAST_NAME varchar(255),
        VERSION integer,
        primary key (ID)
    )
Hibernate: 
    
    create table singer_instrument (
       SINGER_ID bigint not null,
        INSTRUMENT_ID varchar(255) not null,
        primary key (INSTRUMENT_ID, SINGER_ID)
    )
Hibernate: 
    
    alter table album 
       add constraint FKsu76te7e01esmhbxtsudsdnql 
       foreign key (SINGER_ID) 
       references singer
Hibernate: 
    
    alter table singer_instrument 
       add constraint FK2b5u8pgm9g6qikqcq4lpngn33 
       foreign key (INSTRUMENT_ID) 
       references instrument
Hibernate: 
    
    alter table singer_instrument 
       add constraint FK7cns9kt2xpdjavoy95w3a1m2p 
       foreign key (SINGER_ID) 
       references singer
18:32:07.583 [Test worker] INFO  o.h.t.s.i.SchemaCreatorImpl - HHH000476: Executing import script 'org.hibernate.tool.schema.internal.exec.ScriptSourceInputNonExistentImpl@4692a41'
18:32:07.605 [Test worker] INFO  o.h.h.i.QueryTranslatorFactoryInitiator - HHH000397: Using ASTQueryTranslatorFactory
18:32:08.527 [Test worker] INFO  c.a.p.c.c.DBInitializer - Starting database initialization...
Hibernate: 
    /* load com.apress.prospring5.ch8.entities.Instrument */ select
        instrument0_.INSTRUMENT_ID as INSTRUME1_1_0_ 
    from
        instrument instrument0_ 
    where
        instrument0_.INSTRUMENT_ID=?
Hibernate: 
    /* insert com.apress.prospring5.ch8.entities.Instrument
        */ insert 
        into
            instrument
            (INSTRUMENT_ID) 
        values
            (?)
Hibernate: 
    /* load com.apress.prospring5.ch8.entities.Instrument */ select
        instrument0_.INSTRUMENT_ID as INSTRUME1_1_0_ 
    from
        instrument instrument0_ 
    where
        instrument0_.INSTRUMENT_ID=?
Hibernate: 
    /* insert com.apress.prospring5.ch8.entities.Instrument
        */ insert 
        into
            instrument
            (INSTRUMENT_ID) 
        values
            (?)
Hibernate: 
    /* load com.apress.prospring5.ch8.entities.Instrument */ select
        instrument0_.INSTRUMENT_ID as INSTRUME1_1_0_ 
    from
        instrument instrument0_ 
    where
        instrument0_.INSTRUMENT_ID=?
Hibernate: 
    /* insert com.apress.prospring5.ch8.entities.Instrument
        */ insert 
        into
            instrument
            (INSTRUMENT_ID) 
        values
            (?)
Hibernate: 
    /* insert com.apress.prospring5.ch8.entities.Singer
        */ insert 
        into
            singer
            (ID, BIRTH_DATE, FIRST_NAME, LAST_NAME, VERSION) 
        values
            (null, ?, ?, ?, ?)
Hibernate: 
    /* insert com.apress.prospring5.ch8.entities.Album
        */ insert 
        into
            album
            (ID, RELEASE_DATE, SINGER_ID, title, VERSION) 
        values
            (null, ?, ?, ?, ?)
Hibernate: 
    /* insert com.apress.prospring5.ch8.entities.Album
        */ insert 
        into
            album
            (ID, RELEASE_DATE, SINGER_ID, title, VERSION) 
        values
            (null, ?, ?, ?, ?)
Hibernate: 
    /* insert collection
        row com.apress.prospring5.ch8.entities.Singer.instruments */ insert 
        into
            singer_instrument
            (SINGER_ID, INSTRUMENT_ID) 
        values
            (?, ?)
Hibernate: 
    /* insert collection
        row com.apress.prospring5.ch8.entities.Singer.instruments */ insert 
        into
            singer_instrument
            (SINGER_ID, INSTRUMENT_ID) 
        values
            (?, ?)
Hibernate: 
    /* insert com.apress.prospring5.ch8.entities.Singer
        */ insert 
        into
            singer
            (ID, BIRTH_DATE, FIRST_NAME, LAST_NAME, VERSION) 
        values
            (null, ?, ?, ?, ?)
Hibernate: 
    /* insert com.apress.prospring5.ch8.entities.Album
        */ insert 
        into
            album
            (ID, RELEASE_DATE, SINGER_ID, title, VERSION) 
        values
            (null, ?, ?, ?, ?)
Hibernate: 
    /* insert collection
        row com.apress.prospring5.ch8.entities.Singer.instruments */ insert 
        into
            singer_instrument
            (SINGER_ID, INSTRUMENT_ID) 
        values
            (?, ?)
Hibernate: 
    /* insert com.apress.prospring5.ch8.entities.Singer
        */ insert 
        into
            singer
            (ID, BIRTH_DATE, FIRST_NAME, LAST_NAME, VERSION) 
        values
            (null, ?, ?, ?, ?)
Hibernate: 
    /* insert collection
        row com.apress.prospring5.ch8.entities.Singer.instruments */ insert 
        into
            singer_instrument
            (SINGER_ID, INSTRUMENT_ID) 
        values
            (?, ?)
18:32:08.695 [Test worker] INFO  c.a.p.c.c.DBInitializer - Database initialization finished.
Hibernate: 
    /* select
        generatedAlias0 
    from
        Singer as generatedAlias0 
    where
        (
            generatedAlias0.firstName=:param0 
        ) 
        and (
            generatedAlias0.lastName=:param1 
        ) */ select
            singer0_.ID as ID1_2_,
            singer0_.BIRTH_DATE as BIRTH_DA2_2_,
            singer0_.FIRST_NAME as FIRST_NA3_2_,
            singer0_.LAST_NAME as LAST_NAM4_2_,
            singer0_.VERSION as VERSION5_2_ 
        from
            singer singer0_ 
        where
            singer0_.FIRST_NAME=? 
            and singer0_.LAST_NAME=?
Hibernate: 
    /* select
        generatedAlias0 
    from
        Album as generatedAlias0 
    left join
        generatedAlias0.singer as generatedAlias1 
    where
        generatedAlias1=:param0 */ select
            album0_.ID as ID1_0_,
            album0_.RELEASE_DATE as RELEASE_2_0_,
            album0_.SINGER_ID as SINGER_I5_0_,
            album0_.title as title3_0_,
            album0_.VERSION as VERSION4_0_ 
        from
            album album0_ 
        left outer join
            singer singer1_ 
                on album0_.SINGER_ID=singer1_.ID 
        where
            singer1_.ID=?
Hibernate: 
    select
        singer0_.ID as ID1_2_0_,
        singer0_.BIRTH_DATE as BIRTH_DA2_2_0_,
        singer0_.FIRST_NAME as FIRST_NA3_2_0_,
        singer0_.LAST_NAME as LAST_NAM4_2_0_,
        singer0_.VERSION as VERSION5_2_0_ 
    from
        singer singer0_ 
    where
        singer0_.ID=?
18:32:08.852 [Test worker] INFO  c.a.p.c.SingerDataJPATest - Album - id: 1, Singer id: 1, Title: Battle Studies, Release Date: 2009-11-17
18:32:08.853 [Test worker] INFO  c.a.p.c.SingerDataJPATest - Album - id: 2, Singer id: 1, Title: The Search For Everything, Release Date: 2017-01-20
18:32:08.855 [Test worker] INFO  o.h.t.s.i.SchemaDropperImpl$DelayedDropActionImpl - HHH000477: Starting delayed drop of schema as part of SessionFactory shut-down'
Hibernate: 
    
    drop table album if exists
Hibernate: 
    
    drop table instrument if exists
Hibernate: 
    
    drop table singer if exists
Hibernate: 
    
    drop table singer_instrument if exists
18:32:09.055 [Test worker] INFO  o.h.j.i.u.LogHelper - HHH000204: Processing PersistenceUnitInfo [
	name: default
	...]
18:32:09.070 [Test worker] INFO  o.h.d.Dialect - HHH000400: Using dialect: org.hibernate.dialect.H2Dialect
Hibernate: 
    
    drop table album if exists
Hibernate: 
    
    drop table instrument if exists
Hibernate: 
    
    drop table singer if exists
Hibernate: 
    
    drop table singer_instrument if exists
Hibernate: 
    
    create table album (
       ID bigint generated by default as identity,
        RELEASE_DATE date,
        title varchar(255),
        VERSION integer,
        SINGER_ID bigint,
        primary key (ID)
    )
Hibernate: 
    
    create table instrument (
       INSTRUMENT_ID varchar(255) not null,
        primary key (INSTRUMENT_ID)
    )
Hibernate: 
    
    create table singer (
       ID bigint generated by default as identity,
        BIRTH_DATE date,
        FIRST_NAME varchar(255),
        LAST_NAME varchar(255),
        VERSION integer,
        primary key (ID)
    )
Hibernate: 
    
    create table singer_instrument (
       SINGER_ID bigint not null,
        INSTRUMENT_ID varchar(255) not null,
        primary key (INSTRUMENT_ID, SINGER_ID)
    )
Hibernate: 
    
    alter table album 
       add constraint FKsu76te7e01esmhbxtsudsdnql 
       foreign key (SINGER_ID) 
       references singer
Hibernate: 
    
    alter table singer_instrument 
       add constraint FK2b5u8pgm9g6qikqcq4lpngn33 
       foreign key (INSTRUMENT_ID) 
       references instrument
Hibernate: 
    
    alter table singer_instrument 
       add constraint FK7cns9kt2xpdjavoy95w3a1m2p 
       foreign key (SINGER_ID) 
       references singer
18:32:09.113 [Test worker] INFO  o.h.t.s.i.SchemaCreatorImpl - HHH000476: Executing import script 'org.hibernate.tool.schema.internal.exec.ScriptSourceInputNonExistentImpl@4692a41'
18:32:09.127 [Test worker] INFO  o.h.h.i.QueryTranslatorFactoryInitiator - HHH000397: Using ASTQueryTranslatorFactory
18:32:09.197 [Test worker] INFO  c.a.p.c.c.DBInitializer - Starting database initialization...
Hibernate: 
    /* load com.apress.prospring5.ch8.entities.Instrument */ select
        instrument0_.INSTRUMENT_ID as INSTRUME1_1_0_ 
    from
        instrument instrument0_ 
    where
        instrument0_.INSTRUMENT_ID=?
Hibernate: 
    /* insert com.apress.prospring5.ch8.entities.Instrument
        */ insert 
        into
            instrument
            (INSTRUMENT_ID) 
        values
            (?)
Hibernate: 
    /* load com.apress.prospring5.ch8.entities.Instrument */ select
        instrument0_.INSTRUMENT_ID as INSTRUME1_1_0_ 
    from
        instrument instrument0_ 
    where
        instrument0_.INSTRUMENT_ID=?
Hibernate: 
    /* insert com.apress.prospring5.ch8.entities.Instrument
        */ insert 
        into
            instrument
            (INSTRUMENT_ID) 
        values
            (?)
Hibernate: 
    /* load com.apress.prospring5.ch8.entities.Instrument */ select
        instrument0_.INSTRUMENT_ID as INSTRUME1_1_0_ 
    from
        instrument instrument0_ 
    where
        instrument0_.INSTRUMENT_ID=?
Hibernate: 
    /* insert com.apress.prospring5.ch8.entities.Instrument
        */ insert 
        into
            instrument
            (INSTRUMENT_ID) 
        values
            (?)
Hibernate: 
    /* insert com.apress.prospring5.ch8.entities.Singer
        */ insert 
        into
            singer
            (ID, BIRTH_DATE, FIRST_NAME, LAST_NAME, VERSION) 
        values
            (null, ?, ?, ?, ?)
Hibernate: 
    /* insert com.apress.prospring5.ch8.entities.Album
        */ insert 
        into
            album
            (ID, RELEASE_DATE, SINGER_ID, title, VERSION) 
        values
            (null, ?, ?, ?, ?)
Hibernate: 
    /* insert com.apress.prospring5.ch8.entities.Album
        */ insert 
        into
            album
            (ID, RELEASE_DATE, SINGER_ID, title, VERSION) 
        values
            (null, ?, ?, ?, ?)
Hibernate: 
    /* insert collection
        row com.apress.prospring5.ch8.entities.Singer.instruments */ insert 
        into
            singer_instrument
            (SINGER_ID, INSTRUMENT_ID) 
        values
            (?, ?)
Hibernate: 
    /* insert collection
        row com.apress.prospring5.ch8.entities.Singer.instruments */ insert 
        into
            singer_instrument
            (SINGER_ID, INSTRUMENT_ID) 
        values
            (?, ?)
Hibernate: 
    /* insert com.apress.prospring5.ch8.entities.Singer
        */ insert 
        into
            singer
            (ID, BIRTH_DATE, FIRST_NAME, LAST_NAME, VERSION) 
        values
            (null, ?, ?, ?, ?)
Hibernate: 
    /* insert com.apress.prospring5.ch8.entities.Album
        */ insert 
        into
            album
            (ID, RELEASE_DATE, SINGER_ID, title, VERSION) 
        values
            (null, ?, ?, ?, ?)
Hibernate: 
    /* insert collection
        row com.apress.prospring5.ch8.entities.Singer.instruments */ insert 
        into
            singer_instrument
            (SINGER_ID, INSTRUMENT_ID) 
        values
            (?, ?)
Hibernate: 
    /* insert com.apress.prospring5.ch8.entities.Singer
        */ insert 
        into
            singer
            (ID, BIRTH_DATE, FIRST_NAME, LAST_NAME, VERSION) 
        values
            (null, ?, ?, ?, ?)
Hibernate: 
    /* insert collection
        row com.apress.prospring5.ch8.entities.Singer.instruments */ insert 
        into
            singer_instrument
            (SINGER_ID, INSTRUMENT_ID) 
        values
            (?, ?)
18:32:09.227 [Test worker] INFO  c.a.p.c.c.DBInitializer - Database initialization finished.
Hibernate: 
    /* select
        generatedAlias0 
    from
        Singer as generatedAlias0 */ select
            singer0_.ID as ID1_2_,
            singer0_.BIRTH_DATE as BIRTH_DA2_2_,
            singer0_.FIRST_NAME as FIRST_NA3_2_,
            singer0_.LAST_NAME as LAST_NAM4_2_,
            singer0_.VERSION as VERSION5_2_ 
        from
            singer singer0_
18:32:09.278 [Test worker] INFO  c.a.p.c.SingerDataJPATest -  ---- Listing singers:
18:32:09.278 [Test worker] INFO  c.a.p.c.SingerDataJPATest - Singer - Id: 1, First name: John, Last name: Mayer, Birthday: 1977-10-16
18:32:09.278 [Test worker] INFO  c.a.p.c.SingerDataJPATest - Singer - Id: 2, First name: Eric, Last name: Clapton, Birthday: 1945-03-30
18:32:09.279 [Test worker] INFO  c.a.p.c.SingerDataJPATest - Singer - Id: 3, First name: John, Last name: Butler, Birthday: 1975-04-01
18:32:09.279 [Test worker] INFO  o.h.t.s.i.SchemaDropperImpl$DelayedDropActionImpl - HHH000477: Starting delayed drop of schema as part of SessionFactory shut-down'
Hibernate: 
    
    drop table album if exists
Hibernate: 
    
    drop table instrument if exists
Hibernate: 
    
    drop table singer if exists
Hibernate: 
    
    drop table singer_instrument if exists
18:32:09.431 [Test worker] INFO  o.h.j.i.u.LogHelper - HHH000204: Processing PersistenceUnitInfo [
	name: default
	...]
18:32:09.445 [Test worker] INFO  o.h.d.Dialect - HHH000400: Using dialect: org.hibernate.dialect.H2Dialect
Hibernate: 
    
    drop table album if exists
Hibernate: 
    
    drop table instrument if exists
Hibernate: 
    
    drop table singer if exists
Hibernate: 
    
    drop table singer_instrument if exists
Hibernate: 
    
    create table album (
       ID bigint generated by default as identity,
        RELEASE_DATE date,
        title varchar(255),
        VERSION integer,
        SINGER_ID bigint,
        primary key (ID)
    )
Hibernate: 
    
    create table instrument (
       INSTRUMENT_ID varchar(255) not null,
        primary key (INSTRUMENT_ID)
    )
Hibernate: 
    
    create table singer (
       ID bigint generated by default as identity,
        BIRTH_DATE date,
        FIRST_NAME varchar(255),
        LAST_NAME varchar(255),
        VERSION integer,
        primary key (ID)
    )
Hibernate: 
    
    create table singer_instrument (
       SINGER_ID bigint not null,
        INSTRUMENT_ID varchar(255) not null,
        primary key (INSTRUMENT_ID, SINGER_ID)
    )
Hibernate: 
    
    alter table album 
       add constraint FKsu76te7e01esmhbxtsudsdnql 
       foreign key (SINGER_ID) 
       references singer
Hibernate: 
    
    alter table singer_instrument 
       add constraint FK2b5u8pgm9g6qikqcq4lpngn33 
       foreign key (INSTRUMENT_ID) 
       references instrument
Hibernate: 
    
    alter table singer_instrument 
       add constraint FK7cns9kt2xpdjavoy95w3a1m2p 
       foreign key (SINGER_ID) 
       references singer
18:32:09.477 [Test worker] INFO  o.h.t.s.i.SchemaCreatorImpl - HHH000476: Executing import script 'org.hibernate.tool.schema.internal.exec.ScriptSourceInputNonExistentImpl@4692a41'
18:32:09.501 [Test worker] INFO  o.h.h.i.QueryTranslatorFactoryInitiator - HHH000397: Using ASTQueryTranslatorFactory
18:32:09.652 [Test worker] INFO  c.a.p.c.c.DBInitializer - Starting database initialization...
Hibernate: 
    /* load com.apress.prospring5.ch8.entities.Instrument */ select
        instrument0_.INSTRUMENT_ID as INSTRUME1_1_0_ 
    from
        instrument instrument0_ 
    where
        instrument0_.INSTRUMENT_ID=?
Hibernate: 
    /* insert com.apress.prospring5.ch8.entities.Instrument
        */ insert 
        into
            instrument
            (INSTRUMENT_ID) 
        values
            (?)
Hibernate: 
    /* load com.apress.prospring5.ch8.entities.Instrument */ select
        instrument0_.INSTRUMENT_ID as INSTRUME1_1_0_ 
    from
        instrument instrument0_ 
    where
        instrument0_.INSTRUMENT_ID=?
Hibernate: 
    /* insert com.apress.prospring5.ch8.entities.Instrument
        */ insert 
        into
            instrument
            (INSTRUMENT_ID) 
        values
            (?)
Hibernate: 
    /* load com.apress.prospring5.ch8.entities.Instrument */ select
        instrument0_.INSTRUMENT_ID as INSTRUME1_1_0_ 
    from
        instrument instrument0_ 
    where
        instrument0_.INSTRUMENT_ID=?
Hibernate: 
    /* insert com.apress.prospring5.ch8.entities.Instrument
        */ insert 
        into
            instrument
            (INSTRUMENT_ID) 
        values
            (?)
Hibernate: 
    /* insert com.apress.prospring5.ch8.entities.Singer
        */ insert 
        into
            singer
            (ID, BIRTH_DATE, FIRST_NAME, LAST_NAME, VERSION) 
        values
            (null, ?, ?, ?, ?)
Hibernate: 
    /* insert com.apress.prospring5.ch8.entities.Album
        */ insert 
        into
            album
            (ID, RELEASE_DATE, SINGER_ID, title, VERSION) 
        values
            (null, ?, ?, ?, ?)
Hibernate: 
    /* insert com.apress.prospring5.ch8.entities.Album
        */ insert 
        into
            album
            (ID, RELEASE_DATE, SINGER_ID, title, VERSION) 
        values
            (null, ?, ?, ?, ?)
Hibernate: 
    /* insert collection
        row com.apress.prospring5.ch8.entities.Singer.instruments */ insert 
        into
            singer_instrument
            (SINGER_ID, INSTRUMENT_ID) 
        values
            (?, ?)
Hibernate: 
    /* insert collection
        row com.apress.prospring5.ch8.entities.Singer.instruments */ insert 
        into
            singer_instrument
            (SINGER_ID, INSTRUMENT_ID) 
        values
            (?, ?)
Hibernate: 
    /* insert com.apress.prospring5.ch8.entities.Singer
        */ insert 
        into
            singer
            (ID, BIRTH_DATE, FIRST_NAME, LAST_NAME, VERSION) 
        values
            (null, ?, ?, ?, ?)
Hibernate: 
    /* insert com.apress.prospring5.ch8.entities.Album
        */ insert 
        into
            album
            (ID, RELEASE_DATE, SINGER_ID, title, VERSION) 
        values
            (null, ?, ?, ?, ?)
Hibernate: 
    /* insert collection
        row com.apress.prospring5.ch8.entities.Singer.instruments */ insert 
        into
            singer_instrument
            (SINGER_ID, INSTRUMENT_ID) 
        values
            (?, ?)
Hibernate: 
    /* insert com.apress.prospring5.ch8.entities.Singer
        */ insert 
        into
            singer
            (ID, BIRTH_DATE, FIRST_NAME, LAST_NAME, VERSION) 
        values
            (null, ?, ?, ?, ?)
Hibernate: 
    /* insert collection
        row com.apress.prospring5.ch8.entities.Singer.instruments */ insert 
        into
            singer_instrument
            (SINGER_ID, INSTRUMENT_ID) 
        values
            (?, ?)
18:32:09.724 [Test worker] INFO  c.a.p.c.c.DBInitializer - Database initialization finished.
Hibernate: 
    /* select
        generatedAlias0 
    from
        Singer as generatedAlias0 
    where
        (
            generatedAlias0.firstName=:param0 
        ) 
        and (
            generatedAlias0.lastName=:param1 
        ) */ select
            singer0_.ID as ID1_2_,
            singer0_.BIRTH_DATE as BIRTH_DA2_2_,
            singer0_.FIRST_NAME as FIRST_NA3_2_,
            singer0_.LAST_NAME as LAST_NAM4_2_,
            singer0_.VERSION as VERSION5_2_ 
        from
            singer singer0_ 
        where
            singer0_.FIRST_NAME=? 
            and singer0_.LAST_NAME=?
18:32:09.828 [Test worker] INFO  c.a.p.c.SingerDataJPATest -  ---- Listing singers:
18:32:09.828 [Test worker] INFO  c.a.p.c.SingerDataJPATest - Singer - Id: 1, First name: John, Last name: Mayer, Birthday: 1977-10-16
18:32:09.829 [Test worker] INFO  o.h.t.s.i.SchemaDropperImpl$DelayedDropActionImpl - HHH000477: Starting delayed drop of schema as part of SessionFactory shut-down'
Hibernate: 
    
    drop table album if exists
Hibernate: 
    
    drop table instrument if exists
Hibernate: 
    
    drop table singer if exists
Hibernate: 
    
    drop table singer_instrument if exists
18:32:09.985 [Test worker] INFO  o.h.j.i.u.LogHelper - HHH000204: Processing PersistenceUnitInfo [
	name: default
	...]
18:32:09.997 [Test worker] INFO  o.h.d.Dialect - HHH000400: Using dialect: org.hibernate.dialect.H2Dialect
Hibernate: 
    
    drop table album if exists
Hibernate: 
    
    drop table instrument if exists
Hibernate: 
    
    drop table singer if exists
Hibernate: 
    
    drop table singer_instrument if exists
Hibernate: 
    
    create table album (
       ID bigint generated by default as identity,
        RELEASE_DATE date,
        title varchar(255),
        VERSION integer,
        SINGER_ID bigint,
        primary key (ID)
    )
Hibernate: 
    
    create table instrument (
       INSTRUMENT_ID varchar(255) not null,
        primary key (INSTRUMENT_ID)
    )
Hibernate: 
    
    create table singer (
       ID bigint generated by default as identity,
        BIRTH_DATE date,
        FIRST_NAME varchar(255),
        LAST_NAME varchar(255),
        VERSION integer,
        primary key (ID)
    )
Hibernate: 
    
    create table singer_instrument (
       SINGER_ID bigint not null,
        INSTRUMENT_ID varchar(255) not null,
        primary key (INSTRUMENT_ID, SINGER_ID)
    )
Hibernate: 
    
    alter table album 
       add constraint FKsu76te7e01esmhbxtsudsdnql 
       foreign key (SINGER_ID) 
       references singer
Hibernate: 
    
    alter table singer_instrument 
       add constraint FK2b5u8pgm9g6qikqcq4lpngn33 
       foreign key (INSTRUMENT_ID) 
       references instrument
Hibernate: 
    
    alter table singer_instrument 
       add constraint FK7cns9kt2xpdjavoy95w3a1m2p 
       foreign key (SINGER_ID) 
       references singer
18:32:10.048 [Test worker] INFO  o.h.t.s.i.SchemaCreatorImpl - HHH000476: Executing import script 'org.hibernate.tool.schema.internal.exec.ScriptSourceInputNonExistentImpl@4692a41'
18:32:10.061 [Test worker] INFO  o.h.h.i.QueryTranslatorFactoryInitiator - HHH000397: Using ASTQueryTranslatorFactory
18:32:10.137 [Test worker] INFO  c.a.p.c.c.DBInitializer - Starting database initialization...
Hibernate: 
    /* load com.apress.prospring5.ch8.entities.Instrument */ select
        instrument0_.INSTRUMENT_ID as INSTRUME1_1_0_ 
    from
        instrument instrument0_ 
    where
        instrument0_.INSTRUMENT_ID=?
Hibernate: 
    /* insert com.apress.prospring5.ch8.entities.Instrument
        */ insert 
        into
            instrument
            (INSTRUMENT_ID) 
        values
            (?)
Hibernate: 
    /* load com.apress.prospring5.ch8.entities.Instrument */ select
        instrument0_.INSTRUMENT_ID as INSTRUME1_1_0_ 
    from
        instrument instrument0_ 
    where
        instrument0_.INSTRUMENT_ID=?
Hibernate: 
    /* insert com.apress.prospring5.ch8.entities.Instrument
        */ insert 
        into
            instrument
            (INSTRUMENT_ID) 
        values
            (?)
Hibernate: 
    /* load com.apress.prospring5.ch8.entities.Instrument */ select
        instrument0_.INSTRUMENT_ID as INSTRUME1_1_0_ 
    from
        instrument instrument0_ 
    where
        instrument0_.INSTRUMENT_ID=?
Hibernate: 
    /* insert com.apress.prospring5.ch8.entities.Instrument
        */ insert 
        into
            instrument
            (INSTRUMENT_ID) 
        values
            (?)
Hibernate: 
    /* insert com.apress.prospring5.ch8.entities.Singer
        */ insert 
        into
            singer
            (ID, BIRTH_DATE, FIRST_NAME, LAST_NAME, VERSION) 
        values
            (null, ?, ?, ?, ?)
Hibernate: 
    /* insert com.apress.prospring5.ch8.entities.Album
        */ insert 
        into
            album
            (ID, RELEASE_DATE, SINGER_ID, title, VERSION) 
        values
            (null, ?, ?, ?, ?)
Hibernate: 
    /* insert com.apress.prospring5.ch8.entities.Album
        */ insert 
        into
            album
            (ID, RELEASE_DATE, SINGER_ID, title, VERSION) 
        values
            (null, ?, ?, ?, ?)
Hibernate: 
    /* insert collection
        row com.apress.prospring5.ch8.entities.Singer.instruments */ insert 
        into
            singer_instrument
            (SINGER_ID, INSTRUMENT_ID) 
        values
            (?, ?)
Hibernate: 
    /* insert collection
        row com.apress.prospring5.ch8.entities.Singer.instruments */ insert 
        into
            singer_instrument
            (SINGER_ID, INSTRUMENT_ID) 
        values
            (?, ?)
Hibernate: 
    /* insert com.apress.prospring5.ch8.entities.Singer
        */ insert 
        into
            singer
            (ID, BIRTH_DATE, FIRST_NAME, LAST_NAME, VERSION) 
        values
            (null, ?, ?, ?, ?)
Hibernate: 
    /* insert com.apress.prospring5.ch8.entities.Album
        */ insert 
        into
            album
            (ID, RELEASE_DATE, SINGER_ID, title, VERSION) 
        values
            (null, ?, ?, ?, ?)
Hibernate: 
    /* insert collection
        row com.apress.prospring5.ch8.entities.Singer.instruments */ insert 
        into
            singer_instrument
            (SINGER_ID, INSTRUMENT_ID) 
        values
            (?, ?)
Hibernate: 
    /* insert com.apress.prospring5.ch8.entities.Singer
        */ insert 
        into
            singer
            (ID, BIRTH_DATE, FIRST_NAME, LAST_NAME, VERSION) 
        values
            (null, ?, ?, ?, ?)
Hibernate: 
    /* insert collection
        row com.apress.prospring5.ch8.entities.Singer.instruments */ insert 
        into
            singer_instrument
            (SINGER_ID, INSTRUMENT_ID) 
        values
            (?, ?)
18:32:10.162 [Test worker] INFO  c.a.p.c.c.DBInitializer - Database initialization finished.
Hibernate: 
    /* select
        a 
    from
        Album a 
    where
        a.title like :title */ select
            album0_.ID as ID1_0_,
            album0_.RELEASE_DATE as RELEASE_2_0_,
            album0_.SINGER_ID as SINGER_I5_0_,
            album0_.title as title3_0_,
            album0_.VERSION as VERSION4_0_ 
        from
            album album0_ 
        where
            album0_.title like ?
Hibernate: 
    select
        singer0_.ID as ID1_2_0_,
        singer0_.BIRTH_DATE as BIRTH_DA2_2_0_,
        singer0_.FIRST_NAME as FIRST_NA3_2_0_,
        singer0_.LAST_NAME as LAST_NAM4_2_0_,
        singer0_.VERSION as VERSION5_2_0_ 
    from
        singer singer0_ 
    where
        singer0_.ID=?
Hibernate: 
    select
        singer0_.ID as ID1_2_0_,
        singer0_.BIRTH_DATE as BIRTH_DA2_2_0_,
        singer0_.FIRST_NAME as FIRST_NA3_2_0_,
        singer0_.LAST_NAME as LAST_NAM4_2_0_,
        singer0_.VERSION as VERSION5_2_0_ 
    from
        singer singer0_ 
    where
        singer0_.ID=?
18:32:10.196 [Test worker] INFO  c.a.p.c.SingerDataJPATest - Album - id: 2, Singer id: 1, Title: The Search For Everything, Release Date: 2017-01-20, Singer: John Mayer
18:32:10.197 [Test worker] INFO  c.a.p.c.SingerDataJPATest - Album - id: 3, Singer id: 2, Title: From The Cradle, Release Date: 1994-09-13, Singer: Eric Clapton
18:32:10.197 [Test worker] INFO  o.h.t.s.i.SchemaDropperImpl$DelayedDropActionImpl - HHH000477: Starting delayed drop of schema as part of SessionFactory shut-down'
Hibernate: 
    
    drop table album if exists
Hibernate: 
    
    drop table instrument if exists
Hibernate: 
    
    drop table singer if exists
Hibernate: 
    
    drop table singer_instrument if exists
18:32:10.365 [Test worker] INFO  o.h.j.i.u.LogHelper - HHH000204: Processing PersistenceUnitInfo [
	name: default
	...]
18:32:10.378 [Test worker] INFO  o.h.d.Dialect - HHH000400: Using dialect: org.hibernate.dialect.H2Dialect
Hibernate: 
    
    drop table album if exists
Hibernate: 
    
    drop table instrument if exists
Hibernate: 
    
    drop table singer if exists
Hibernate: 
    
    drop table singer_instrument if exists
Hibernate: 
    
    create table album (
       ID bigint generated by default as identity,
        RELEASE_DATE date,
        title varchar(255),
        VERSION integer,
        SINGER_ID bigint,
        primary key (ID)
    )
Hibernate: 
    
    create table instrument (
       INSTRUMENT_ID varchar(255) not null,
        primary key (INSTRUMENT_ID)
    )
Hibernate: 
    
    create table singer (
       ID bigint generated by default as identity,
        BIRTH_DATE date,
        FIRST_NAME varchar(255),
        LAST_NAME varchar(255),
        VERSION integer,
        primary key (ID)
    )
Hibernate: 
    
    create table singer_instrument (
       SINGER_ID bigint not null,
        INSTRUMENT_ID varchar(255) not null,
        primary key (INSTRUMENT_ID, SINGER_ID)
    )
Hibernate: 
    
    alter table album 
       add constraint FKsu76te7e01esmhbxtsudsdnql 
       foreign key (SINGER_ID) 
       references singer
Hibernate: 
    
    alter table singer_instrument 
       add constraint FK2b5u8pgm9g6qikqcq4lpngn33 
       foreign key (INSTRUMENT_ID) 
       references instrument
Hibernate: 
    
    alter table singer_instrument 
       add constraint FK7cns9kt2xpdjavoy95w3a1m2p 
       foreign key (SINGER_ID) 
       references singer
18:32:10.412 [Test worker] INFO  o.h.t.s.i.SchemaCreatorImpl - HHH000476: Executing import script 'org.hibernate.tool.schema.internal.exec.ScriptSourceInputNonExistentImpl@4692a41'
18:32:10.431 [Test worker] INFO  o.h.h.i.QueryTranslatorFactoryInitiator - HHH000397: Using ASTQueryTranslatorFactory
18:32:10.491 [Test worker] INFO  c.a.p.c.c.DBInitializer - Starting database initialization...
Hibernate: 
    /* load com.apress.prospring5.ch8.entities.Instrument */ select
        instrument0_.INSTRUMENT_ID as INSTRUME1_1_0_ 
    from
        instrument instrument0_ 
    where
        instrument0_.INSTRUMENT_ID=?
Hibernate: 
    /* insert com.apress.prospring5.ch8.entities.Instrument
        */ insert 
        into
            instrument
            (INSTRUMENT_ID) 
        values
            (?)
Hibernate: 
    /* load com.apress.prospring5.ch8.entities.Instrument */ select
        instrument0_.INSTRUMENT_ID as INSTRUME1_1_0_ 
    from
        instrument instrument0_ 
    where
        instrument0_.INSTRUMENT_ID=?
Hibernate: 
    /* insert com.apress.prospring5.ch8.entities.Instrument
        */ insert 
        into
            instrument
            (INSTRUMENT_ID) 
        values
            (?)
Hibernate: 
    /* load com.apress.prospring5.ch8.entities.Instrument */ select
        instrument0_.INSTRUMENT_ID as INSTRUME1_1_0_ 
    from
        instrument instrument0_ 
    where
        instrument0_.INSTRUMENT_ID=?
Hibernate: 
    /* insert com.apress.prospring5.ch8.entities.Instrument
        */ insert 
        into
            instrument
            (INSTRUMENT_ID) 
        values
            (?)
Hibernate: 
    /* insert com.apress.prospring5.ch8.entities.Singer
        */ insert 
        into
            singer
            (ID, BIRTH_DATE, FIRST_NAME, LAST_NAME, VERSION) 
        values
            (null, ?, ?, ?, ?)
Hibernate: 
    /* insert com.apress.prospring5.ch8.entities.Album
        */ insert 
        into
            album
            (ID, RELEASE_DATE, SINGER_ID, title, VERSION) 
        values
            (null, ?, ?, ?, ?)
Hibernate: 
    /* insert com.apress.prospring5.ch8.entities.Album
        */ insert 
        into
            album
            (ID, RELEASE_DATE, SINGER_ID, title, VERSION) 
        values
            (null, ?, ?, ?, ?)
Hibernate: 
    /* insert collection
        row com.apress.prospring5.ch8.entities.Singer.instruments */ insert 
        into
            singer_instrument
            (SINGER_ID, INSTRUMENT_ID) 
        values
            (?, ?)
Hibernate: 
    /* insert collection
        row com.apress.prospring5.ch8.entities.Singer.instruments */ insert 
        into
            singer_instrument
            (SINGER_ID, INSTRUMENT_ID) 
        values
            (?, ?)
Hibernate: 
    /* insert com.apress.prospring5.ch8.entities.Singer
        */ insert 
        into
            singer
            (ID, BIRTH_DATE, FIRST_NAME, LAST_NAME, VERSION) 
        values
            (null, ?, ?, ?, ?)
Hibernate: 
    /* insert com.apress.prospring5.ch8.entities.Album
        */ insert 
        into
            album
            (ID, RELEASE_DATE, SINGER_ID, title, VERSION) 
        values
            (null, ?, ?, ?, ?)
Hibernate: 
    /* insert collection
        row com.apress.prospring5.ch8.entities.Singer.instruments */ insert 
        into
            singer_instrument
            (SINGER_ID, INSTRUMENT_ID) 
        values
            (?, ?)
Hibernate: 
    /* insert com.apress.prospring5.ch8.entities.Singer
        */ insert 
        into
            singer
            (ID, BIRTH_DATE, FIRST_NAME, LAST_NAME, VERSION) 
        values
            (null, ?, ?, ?, ?)
Hibernate: 
    /* insert collection
        row com.apress.prospring5.ch8.entities.Singer.instruments */ insert 
        into
            singer_instrument
            (SINGER_ID, INSTRUMENT_ID) 
        values
            (?, ?)
18:32:10.518 [Test worker] INFO  c.a.p.c.c.DBInitializer - Database initialization finished.
Hibernate: 
    /* select
        generatedAlias0 
    from
        Singer as generatedAlias0 
    where
        generatedAlias0.firstName=:param0 */ select
            singer0_.ID as ID1_2_,
            singer0_.BIRTH_DATE as BIRTH_DA2_2_,
            singer0_.FIRST_NAME as FIRST_NA3_2_,
            singer0_.LAST_NAME as LAST_NAM4_2_,
            singer0_.VERSION as VERSION5_2_ 
        from
            singer singer0_ 
        where
            singer0_.FIRST_NAME=?
18:32:10.565 [Test worker] INFO  c.a.p.c.SingerDataJPATest -  ---- Listing singers:
18:32:10.565 [Test worker] INFO  c.a.p.c.SingerDataJPATest - Singer - Id: 1, First name: John, Last name: Mayer, Birthday: 1977-10-16
18:32:10.565 [Test worker] INFO  c.a.p.c.SingerDataJPATest - Singer - Id: 3, First name: John, Last name: Butler, Birthday: 1975-04-01
18:32:10.565 [Test worker] INFO  o.h.t.s.i.SchemaDropperImpl$DelayedDropActionImpl - HHH000477: Starting delayed drop of schema as part of SessionFactory shut-down'
Hibernate: 
    
    drop table album if exists
Hibernate: 
    
    drop table instrument if exists
Hibernate: 
    
    drop table singer if exists
Hibernate: 
    
    drop table singer_instrument if exists
]]></system-out>
  <system-err><![CDATA[]]></system-err>
</testsuite>
