<?xml version="1.0" encoding="UTF-8"?>
<testsuite name="com.apress.prospring5.ch2.TestHelloWorldSpringAnnotated" tests="1" skipped="0" failures="0" errors="0" timestamp="2019-02-01T23:01:08" hostname="simon-XPS-15-9560" time="0.66">
  <properties/>
  <testcase name="testHello" classname="com.apress.prospring5.ch2.TestHelloWorldSpringAnnotated" time="0.66"/>
  <system-out><![CDATA[18:31:08.358 [Test worker] INFO  o.s.c.a.AnnotationConfigApplicationContext - Refreshing org.springframework.context.annotation.AnnotationConfigApplicationContext@1402c7e1: startup date [Fri Feb 01 18:31:08 VET 2019]; root of context hierarchy
 --> HelloWorldMessageProvider: constructor caled
 --> StandardOutMessageRenderer: constructor called
 --> StandardOutMessageRenderer: setting the provider
]]></system-out>
  <system-err><![CDATA[]]></system-err>
</testsuite>
