<?xml version="1.0" encoding="UTF-8"?>
<testsuite name="com.apress.prospring5.ch6.DbConfigTest" tests="2" skipped="0" failures="0" errors="0" timestamp="2019-02-01T23:01:21" hostname="simon-XPS-15-9560" time="0.321">
  <properties/>
  <testcase name="testOne" classname="com.apress.prospring5.ch6.DbConfigTest" time="0.26"/>
  <testcase name="testTwo" classname="com.apress.prospring5.ch6.DbConfigTest" time="0.061"/>
  <system-out><![CDATA[18:31:21.808 [Test worker] INFO  o.s.b.f.x.XmlBeanDefinitionReader - Loading XML bean definitions from class path resource [spring/drivermanager-cfg-02.xml]
18:31:21.973 [Test worker] INFO  o.s.c.s.GenericXmlApplicationContext - Refreshing org.springframework.context.support.GenericXmlApplicationContext@65e98a05: startup date [Fri Feb 01 18:31:21 VET 2019]; root of context hierarchy
18:31:22.050 [Test worker] INFO  o.s.j.d.DriverManagerDataSource - Loaded JDBC driver: com.mysql.cj.jdbc.Driver
18:31:22.051 [Test worker] DEBUG o.s.j.d.DriverManagerDataSource - Creating new JDBC DriverManager Connection to [jdbc:mysql://172.17.0.2:3306/MUSICDB?useSSL=true]
18:31:22.054 [Test worker] INFO  o.s.c.s.GenericXmlApplicationContext - Closing org.springframework.context.support.GenericXmlApplicationContext@65e98a05: startup date [Fri Feb 01 18:31:21 VET 2019]; root of context hierarchy
18:31:22.058 [Test worker] INFO  o.s.c.a.AnnotationConfigApplicationContext - Refreshing org.springframework.context.annotation.AnnotationConfigApplicationContext@2b5d75c4: startup date [Fri Feb 01 18:31:22 VET 2019]; root of context hierarchy
18:31:22.111 [Test worker] DEBUG o.s.j.d.SimpleDriverDataSource - Creating new JDBC Driver Connection to [jdbc:mysql://172.17.0.2:3306/MUSICDB?useSSL=true]
18:31:22.115 [Test worker] INFO  o.s.c.a.AnnotationConfigApplicationContext - Closing org.springframework.context.annotation.AnnotationConfigApplicationContext@2b5d75c4: startup date [Fri Feb 01 18:31:22 VET 2019]; root of context hierarchy
]]></system-out>
  <system-err><![CDATA[]]></system-err>
</testsuite>
