<?xml version="1.0" encoding="UTF-8"?>
<testsuite name="com.apress.prospring5.ch7.SingerDaoTest" tests="6" skipped="0" failures="0" errors="0" timestamp="2019-02-01T19:32:26" hostname="simon-XPS-15-9560" time="4.228">
  <properties/>
  <testcase name="testFindAll" classname="com.apress.prospring5.ch7.SingerDaoTest" time="2.831"/>
  <testcase name="testFindByID" classname="com.apress.prospring5.ch7.SingerDaoTest" time="0.343"/>
  <testcase name="testFindAllWithAlbum" classname="com.apress.prospring5.ch7.SingerDaoTest" time="0.263"/>
  <testcase name="testDelete" classname="com.apress.prospring5.ch7.SingerDaoTest" time="0.266"/>
  <testcase name="testInsert" classname="com.apress.prospring5.ch7.SingerDaoTest" time="0.24"/>
  <testcase name="testUpdate" classname="com.apress.prospring5.ch7.SingerDaoTest" time="0.284"/>
  <system-out><![CDATA[15:02:26,602 |-INFO in ch.qos.logback.classic.LoggerContext[default] - Could NOT find resource [logback-test.xml]
15:02:26,602 |-INFO in ch.qos.logback.classic.LoggerContext[default] - Could NOT find resource [logback.groovy]
15:02:26,603 |-INFO in ch.qos.logback.classic.LoggerContext[default] - Found resource [logback.xml] at [file:/media/simon/OS/opt/book/pro%20spring%205/small/chapter07/hibernate-crud/build/resources/main/logback.xml]
15:02:26,604 |-WARN in ch.qos.logback.classic.LoggerContext[default] - Resource [logback.xml] occurs multiple times on the classpath.
15:02:26,604 |-WARN in ch.qos.logback.classic.LoggerContext[default] - Resource [logback.xml] occurs at [file:/media/simon/OS/opt/book/pro%20spring%205/small/chapter07/hibernate-crud/build/resources/main/logback.xml]
15:02:26,604 |-WARN in ch.qos.logback.classic.LoggerContext[default] - Resource [logback.xml] occurs at [jar:file:/media/simon/OS/opt/book/pro%20spring%205/small/chapter06/plain-jdbc/build/libs/plain-jdbc-5.0-SNAPSHOT.jar!/logback.xml]
15:02:26,665 |-INFO in ch.qos.logback.classic.joran.action.ConfigurationAction - debug attribute not set
15:02:26,667 |-INFO in ch.qos.logback.classic.joran.action.LoggerContextListenerAction - Adding LoggerContextListener of type [ch.qos.logback.classic.jul.LevelChangePropagator] to the object stack
15:02:26,679 |-INFO in ch.qos.logback.classic.jul.LevelChangePropagator@36be654b - Propagating DEBUG level on Logger[ROOT] onto the JUL framework
15:02:26,679 |-INFO in ch.qos.logback.classic.joran.action.LoggerContextListenerAction - Starting LoggerContextListener
15:02:26,679 |-INFO in ch.qos.logback.core.joran.action.AppenderAction - About to instantiate appender of type [ch.qos.logback.core.ConsoleAppender]
15:02:26,683 |-INFO in ch.qos.logback.core.joran.action.AppenderAction - Naming appender as [console]
15:02:26,684 |-INFO in ch.qos.logback.core.joran.action.NestedComplexPropertyIA - Assuming default type [ch.qos.logback.classic.encoder.PatternLayoutEncoder] for [encoder] property
15:02:26,730 |-INFO in ch.qos.logback.classic.joran.action.LoggerAction - Setting level of logger [com.apress.prospring5.ch7] to DEBUG
15:02:26,730 |-INFO in ch.qos.logback.classic.jul.LevelChangePropagator@36be654b - Propagating DEBUG level on Logger[com.apress.prospring5.ch7] onto the JUL framework
15:02:26,730 |-INFO in ch.qos.logback.classic.joran.action.LoggerAction - Setting level of logger [org.springframework] to OFF
15:02:26,730 |-INFO in ch.qos.logback.classic.jul.LevelChangePropagator@36be654b - Propagating OFF level on Logger[org.springframework] onto the JUL framework
15:02:26,730 |-INFO in ch.qos.logback.classic.joran.action.RootLoggerAction - Setting level of ROOT logger to INFO
15:02:26,730 |-INFO in ch.qos.logback.classic.jul.LevelChangePropagator@36be654b - Propagating INFO level on Logger[ROOT] onto the JUL framework
15:02:26,731 |-INFO in ch.qos.logback.core.joran.action.AppenderRefAction - Attaching appender named [console] to Logger[ROOT]
15:02:26,731 |-INFO in ch.qos.logback.classic.joran.action.ConfigurationAction - End of configuration.
15:02:26,732 |-INFO in ch.qos.logback.classic.joran.JoranConfigurator@268e074a - Registering current configuration as safe fallback point

15:02:27.659 [Test worker] INFO  o.h.Version - HHH000412: Hibernate Core {5.2.10.Final}
15:02:27.665 [Test worker] INFO  o.h.c.Environment - HHH000206: hibernate.properties not found
15:02:27.725 [Test worker] INFO  o.h.a.c.Version - HCANN000001: Hibernate Commons Annotations {5.0.1.Final}
15:02:28.152 [Test worker] INFO  o.h.d.Dialect - HHH000400: Using dialect: org.hibernate.dialect.H2Dialect
Hibernate: 
    
    drop table album if exists
Hibernate: 
    
    drop table instrument if exists
Hibernate: 
    
    drop table singer if exists
Hibernate: 
    
    drop table singer_instrument if exists
Hibernate: 
    
    drop sequence if exists hibernate_sequence
Hibernate: create sequence hibernate_sequence start with 1 increment by 1
Hibernate: 
    
    create table album (
       id bigint not null,
        VERSION integer,
        RELEASE_DATE date,
        title varchar(255),
        SINGER_ID bigint,
        primary key (id)
    )
Hibernate: 
    
    create table instrument (
       INSTRUMENT_ID varchar(255) not null,
        primary key (INSTRUMENT_ID)
    )
Hibernate: 
    
    create table singer (
       id bigint not null,
        VERSION integer,
        BIRTH_DATE date,
        FIRST_NAME varchar(255),
        LAST_NAME varchar(255),
        primary key (id)
    )
Hibernate: 
    
    create table singer_instrument (
       SINGER_ID bigint not null,
        INSTRUMENT_ID varchar(255) not null,
        primary key (INSTRUMENT_ID, SINGER_ID)
    )
Hibernate: 
    
    alter table album 
       add constraint FKsu76te7e01esmhbxtsudsdnql 
       foreign key (SINGER_ID) 
       references singer
Hibernate: 
    
    alter table singer_instrument 
       add constraint FK2b5u8pgm9g6qikqcq4lpngn33 
       foreign key (INSTRUMENT_ID) 
       references instrument
Hibernate: 
    
    alter table singer_instrument 
       add constraint FK7cns9kt2xpdjavoy95w3a1m2p 
       foreign key (SINGER_ID) 
       references singer
15:02:29.058 [Test worker] INFO  o.h.t.s.i.SchemaCreatorImpl - HHH000476: Executing import script 'org.hibernate.tool.schema.internal.exec.ScriptSourceInputNonExistentImpl@50a824ab'
15:02:29.081 [Test worker] INFO  o.h.h.i.QueryTranslatorFactoryInitiator - HHH000397: Using ASTQueryTranslatorFactory
15:02:29.253 [Test worker] INFO  c.a.p.c.c.DBInitializer - Starting database initialization...
Hibernate: 
    /* get current state com.apress.prospring5.ch7.entities.Instrument */ select
        instrument_.INSTRUMENT_ID 
    from
        instrument instrument_ 
    where
        instrument_.INSTRUMENT_ID=?
15:02:29.418 [Test worker] INFO  c.a.p.c.d.SingerDaoImpl - Instrument saved with id: Guitar
Hibernate: 
    /* insert com.apress.prospring5.ch7.entities.Instrument
        */ insert 
        into
            instrument
            (INSTRUMENT_ID) 
        values
            (?)
Hibernate: 
    /* get current state com.apress.prospring5.ch7.entities.Instrument */ select
        instrument_.INSTRUMENT_ID 
    from
        instrument instrument_ 
    where
        instrument_.INSTRUMENT_ID=?
15:02:29.440 [Test worker] INFO  c.a.p.c.d.SingerDaoImpl - Instrument saved with id: Piano
Hibernate: 
    /* insert com.apress.prospring5.ch7.entities.Instrument
        */ insert 
        into
            instrument
            (INSTRUMENT_ID) 
        values
            (?)
Hibernate: 
    /* get current state com.apress.prospring5.ch7.entities.Instrument */ select
        instrument_.INSTRUMENT_ID 
    from
        instrument instrument_ 
    where
        instrument_.INSTRUMENT_ID=?
15:02:29.441 [Test worker] INFO  c.a.p.c.d.SingerDaoImpl - Instrument saved with id: Voice
Hibernate: 
    /* insert com.apress.prospring5.ch7.entities.Instrument
        */ insert 
        into
            instrument
            (INSTRUMENT_ID) 
        values
            (?)
Hibernate: 
    call next value for hibernate_sequence
Hibernate: 
    call next value for hibernate_sequence
Hibernate: 
    call next value for hibernate_sequence
15:02:29.450 [Test worker] INFO  c.a.p.c.d.SingerDaoImpl - Singer saved with id: 1
Hibernate: 
    /* insert com.apress.prospring5.ch7.entities.Singer
        */ insert 
        into
            singer
            (VERSION, BIRTH_DATE, FIRST_NAME, LAST_NAME, id) 
        values
            (?, ?, ?, ?, ?)
Hibernate: 
    /* insert com.apress.prospring5.ch7.entities.Album
        */ insert 
        into
            album
            (VERSION, RELEASE_DATE, SINGER_ID, title, id) 
        values
            (?, ?, ?, ?, ?)
Hibernate: 
    /* insert com.apress.prospring5.ch7.entities.Album
        */ insert 
        into
            album
            (VERSION, RELEASE_DATE, SINGER_ID, title, id) 
        values
            (?, ?, ?, ?, ?)
Hibernate: 
    /* insert collection
        row com.apress.prospring5.ch7.entities.Singer.instruments */ insert 
        into
            singer_instrument
            (SINGER_ID, INSTRUMENT_ID) 
        values
            (?, ?)
Hibernate: 
    /* insert collection
        row com.apress.prospring5.ch7.entities.Singer.instruments */ insert 
        into
            singer_instrument
            (SINGER_ID, INSTRUMENT_ID) 
        values
            (?, ?)
Hibernate: 
    call next value for hibernate_sequence
Hibernate: 
    call next value for hibernate_sequence
15:02:29.458 [Test worker] INFO  c.a.p.c.d.SingerDaoImpl - Singer saved with id: 4
Hibernate: 
    /* insert com.apress.prospring5.ch7.entities.Singer
        */ insert 
        into
            singer
            (VERSION, BIRTH_DATE, FIRST_NAME, LAST_NAME, id) 
        values
            (?, ?, ?, ?, ?)
Hibernate: 
    /* insert com.apress.prospring5.ch7.entities.Album
        */ insert 
        into
            album
            (VERSION, RELEASE_DATE, SINGER_ID, title, id) 
        values
            (?, ?, ?, ?, ?)
Hibernate: 
    /* insert collection
        row com.apress.prospring5.ch7.entities.Singer.instruments */ insert 
        into
            singer_instrument
            (SINGER_ID, INSTRUMENT_ID) 
        values
            (?, ?)
Hibernate: 
    call next value for hibernate_sequence
15:02:29.461 [Test worker] INFO  c.a.p.c.d.SingerDaoImpl - Singer saved with id: 6
Hibernate: 
    /* insert com.apress.prospring5.ch7.entities.Singer
        */ insert 
        into
            singer
            (VERSION, BIRTH_DATE, FIRST_NAME, LAST_NAME, id) 
        values
            (?, ?, ?, ?, ?)
Hibernate: 
    /* insert collection
        row com.apress.prospring5.ch7.entities.Singer.instruments */ insert 
        into
            singer_instrument
            (SINGER_ID, INSTRUMENT_ID) 
        values
            (?, ?)
15:02:29.463 [Test worker] INFO  c.a.p.c.c.DBInitializer - Database initialization finished.
Hibernate: 
    /* 
from
    Singer s */ select
        singer0_.id as id1_2_,
        singer0_.VERSION as VERSION2_2_,
        singer0_.BIRTH_DATE as BIRTH_DA3_2_,
        singer0_.FIRST_NAME as FIRST_NA4_2_,
        singer0_.LAST_NAME as LAST_NAM5_2_ 
    from
        singer singer0_
15:02:29.551 [Test worker] INFO  c.a.p.c.SingerDaoTest -  ---- Listing singers:
15:02:29.551 [Test worker] INFO  c.a.p.c.SingerDaoTest - Singer - id: 1, First name: John, Last name: Mayer, Birthday: 1977-10-16
15:02:29.551 [Test worker] INFO  c.a.p.c.SingerDaoTest - Singer - id: 4, First name: Eric, Last name: Clapton, Birthday: 1945-03-30
15:02:29.552 [Test worker] INFO  c.a.p.c.SingerDaoTest - Singer - id: 6, First name: John, Last name: Butler, Birthday: 1975-04-01
15:02:29.553 [Test worker] INFO  c.a.p.c.CleanUp -  ... Deleting database files.
15:02:29.564 [Test worker] INFO  o.h.t.s.i.SchemaDropperImpl$DelayedDropActionImpl - HHH000477: Starting delayed drop of schema as part of SessionFactory shut-down'
Hibernate: 
    
    drop table album if exists
Hibernate: 
    
    drop table instrument if exists
Hibernate: 
    
    drop table singer if exists
Hibernate: 
    
    drop table singer_instrument if exists
Hibernate: 
    
    drop sequence if exists hibernate_sequence
15:02:29.773 [Test worker] INFO  o.h.d.Dialect - HHH000400: Using dialect: org.hibernate.dialect.H2Dialect
Hibernate: 
    
    drop table album if exists
Hibernate: 
    
    drop table instrument if exists
Hibernate: 
    
    drop table singer if exists
Hibernate: 
    
    drop table singer_instrument if exists
Hibernate: 
    
    drop sequence if exists hibernate_sequence
Hibernate: create sequence hibernate_sequence start with 1 increment by 1
Hibernate: 
    
    create table album (
       id bigint not null,
        VERSION integer,
        RELEASE_DATE date,
        title varchar(255),
        SINGER_ID bigint,
        primary key (id)
    )
Hibernate: 
    
    create table instrument (
       INSTRUMENT_ID varchar(255) not null,
        primary key (INSTRUMENT_ID)
    )
Hibernate: 
    
    create table singer (
       id bigint not null,
        VERSION integer,
        BIRTH_DATE date,
        FIRST_NAME varchar(255),
        LAST_NAME varchar(255),
        primary key (id)
    )
Hibernate: 
    
    create table singer_instrument (
       SINGER_ID bigint not null,
        INSTRUMENT_ID varchar(255) not null,
        primary key (INSTRUMENT_ID, SINGER_ID)
    )
Hibernate: 
    
    alter table album 
       add constraint FKsu76te7e01esmhbxtsudsdnql 
       foreign key (SINGER_ID) 
       references singer
Hibernate: 
    
    alter table singer_instrument 
       add constraint FK2b5u8pgm9g6qikqcq4lpngn33 
       foreign key (INSTRUMENT_ID) 
       references instrument
Hibernate: 
    
    alter table singer_instrument 
       add constraint FK7cns9kt2xpdjavoy95w3a1m2p 
       foreign key (SINGER_ID) 
       references singer
15:02:29.814 [Test worker] INFO  o.h.t.s.i.SchemaCreatorImpl - HHH000476: Executing import script 'org.hibernate.tool.schema.internal.exec.ScriptSourceInputNonExistentImpl@50a824ab'
15:02:29.828 [Test worker] INFO  o.h.h.i.QueryTranslatorFactoryInitiator - HHH000397: Using ASTQueryTranslatorFactory
15:02:29.855 [Test worker] INFO  c.a.p.c.c.DBInitializer - Starting database initialization...
Hibernate: 
    /* get current state com.apress.prospring5.ch7.entities.Instrument */ select
        instrument_.INSTRUMENT_ID 
    from
        instrument instrument_ 
    where
        instrument_.INSTRUMENT_ID=?
15:02:29.863 [Test worker] INFO  c.a.p.c.d.SingerDaoImpl - Instrument saved with id: Guitar
Hibernate: 
    /* insert com.apress.prospring5.ch7.entities.Instrument
        */ insert 
        into
            instrument
            (INSTRUMENT_ID) 
        values
            (?)
Hibernate: 
    /* get current state com.apress.prospring5.ch7.entities.Instrument */ select
        instrument_.INSTRUMENT_ID 
    from
        instrument instrument_ 
    where
        instrument_.INSTRUMENT_ID=?
15:02:29.865 [Test worker] INFO  c.a.p.c.d.SingerDaoImpl - Instrument saved with id: Piano
Hibernate: 
    /* insert com.apress.prospring5.ch7.entities.Instrument
        */ insert 
        into
            instrument
            (INSTRUMENT_ID) 
        values
            (?)
Hibernate: 
    /* get current state com.apress.prospring5.ch7.entities.Instrument */ select
        instrument_.INSTRUMENT_ID 
    from
        instrument instrument_ 
    where
        instrument_.INSTRUMENT_ID=?
15:02:29.867 [Test worker] INFO  c.a.p.c.d.SingerDaoImpl - Instrument saved with id: Voice
Hibernate: 
    /* insert com.apress.prospring5.ch7.entities.Instrument
        */ insert 
        into
            instrument
            (INSTRUMENT_ID) 
        values
            (?)
Hibernate: 
    call next value for hibernate_sequence
Hibernate: 
    call next value for hibernate_sequence
Hibernate: 
    call next value for hibernate_sequence
15:02:29.870 [Test worker] INFO  c.a.p.c.d.SingerDaoImpl - Singer saved with id: 1
Hibernate: 
    /* insert com.apress.prospring5.ch7.entities.Singer
        */ insert 
        into
            singer
            (VERSION, BIRTH_DATE, FIRST_NAME, LAST_NAME, id) 
        values
            (?, ?, ?, ?, ?)
Hibernate: 
    /* insert com.apress.prospring5.ch7.entities.Album
        */ insert 
        into
            album
            (VERSION, RELEASE_DATE, SINGER_ID, title, id) 
        values
            (?, ?, ?, ?, ?)
Hibernate: 
    /* insert com.apress.prospring5.ch7.entities.Album
        */ insert 
        into
            album
            (VERSION, RELEASE_DATE, SINGER_ID, title, id) 
        values
            (?, ?, ?, ?, ?)
Hibernate: 
    /* insert collection
        row com.apress.prospring5.ch7.entities.Singer.instruments */ insert 
        into
            singer_instrument
            (SINGER_ID, INSTRUMENT_ID) 
        values
            (?, ?)
Hibernate: 
    /* insert collection
        row com.apress.prospring5.ch7.entities.Singer.instruments */ insert 
        into
            singer_instrument
            (SINGER_ID, INSTRUMENT_ID) 
        values
            (?, ?)
Hibernate: 
    call next value for hibernate_sequence
Hibernate: 
    call next value for hibernate_sequence
15:02:29.874 [Test worker] INFO  c.a.p.c.d.SingerDaoImpl - Singer saved with id: 4
Hibernate: 
    /* insert com.apress.prospring5.ch7.entities.Singer
        */ insert 
        into
            singer
            (VERSION, BIRTH_DATE, FIRST_NAME, LAST_NAME, id) 
        values
            (?, ?, ?, ?, ?)
Hibernate: 
    /* insert com.apress.prospring5.ch7.entities.Album
        */ insert 
        into
            album
            (VERSION, RELEASE_DATE, SINGER_ID, title, id) 
        values
            (?, ?, ?, ?, ?)
Hibernate: 
    /* insert collection
        row com.apress.prospring5.ch7.entities.Singer.instruments */ insert 
        into
            singer_instrument
            (SINGER_ID, INSTRUMENT_ID) 
        values
            (?, ?)
Hibernate: 
    call next value for hibernate_sequence
15:02:29.877 [Test worker] INFO  c.a.p.c.d.SingerDaoImpl - Singer saved with id: 6
Hibernate: 
    /* insert com.apress.prospring5.ch7.entities.Singer
        */ insert 
        into
            singer
            (VERSION, BIRTH_DATE, FIRST_NAME, LAST_NAME, id) 
        values
            (?, ?, ?, ?, ?)
Hibernate: 
    /* insert collection
        row com.apress.prospring5.ch7.entities.Singer.instruments */ insert 
        into
            singer_instrument
            (SINGER_ID, INSTRUMENT_ID) 
        values
            (?, ?)
15:02:29.879 [Test worker] INFO  c.a.p.c.c.DBInitializer - Database initialization finished.
Hibernate: 
    /* Singer.findById */ select
        distinct singer0_.id as id1_2_0_,
        albums1_.id as id1_0_1_,
        instrument3_.INSTRUMENT_ID as INSTRUME1_1_2_,
        singer0_.VERSION as VERSION2_2_0_,
        singer0_.BIRTH_DATE as BIRTH_DA3_2_0_,
        singer0_.FIRST_NAME as FIRST_NA4_2_0_,
        singer0_.LAST_NAME as LAST_NAM5_2_0_,
        albums1_.VERSION as VERSION2_0_1_,
        albums1_.RELEASE_DATE as RELEASE_3_0_1_,
        albums1_.SINGER_ID as SINGER_I5_0_1_,
        albums1_.title as title4_0_1_,
        albums1_.SINGER_ID as SINGER_I5_0_0__,
        albums1_.id as id1_0_0__,
        instrument2_.SINGER_ID as SINGER_I1_3_1__,
        instrument2_.INSTRUMENT_ID as INSTRUME2_3_1__ 
    from
        singer singer0_ 
    left outer join
        album albums1_ 
            on singer0_.id=albums1_.SINGER_ID 
    left outer join
        singer_instrument instrument2_ 
            on singer0_.id=instrument2_.SINGER_ID 
    left outer join
        instrument instrument3_ 
            on instrument2_.INSTRUMENT_ID=instrument3_.INSTRUMENT_ID 
    where
        singer0_.id=?
15:02:29.910 [Test worker] INFO  c.a.p.c.SingerDaoTest - Singer - id: 1, First name: John, Last name: Mayer, Birthday: 1977-10-16
15:02:29.910 [Test worker] INFO  c.a.p.c.CleanUp -  ... Deleting database files.
15:02:29.913 [Test worker] INFO  o.h.t.s.i.SchemaDropperImpl$DelayedDropActionImpl - HHH000477: Starting delayed drop of schema as part of SessionFactory shut-down'
Hibernate: 
    
    drop table album if exists
Hibernate: 
    
    drop table instrument if exists
Hibernate: 
    
    drop table singer if exists
Hibernate: 
    
    drop table singer_instrument if exists
Hibernate: 
    
    drop sequence if exists hibernate_sequence
15:02:30.050 [Test worker] INFO  o.h.d.Dialect - HHH000400: Using dialect: org.hibernate.dialect.H2Dialect
Hibernate: 
    
    drop table album if exists
Hibernate: 
    
    drop table instrument if exists
Hibernate: 
    
    drop table singer if exists
Hibernate: 
    
    drop table singer_instrument if exists
Hibernate: 
    
    drop sequence if exists hibernate_sequence
Hibernate: create sequence hibernate_sequence start with 1 increment by 1
Hibernate: 
    
    create table album (
       id bigint not null,
        VERSION integer,
        RELEASE_DATE date,
        title varchar(255),
        SINGER_ID bigint,
        primary key (id)
    )
Hibernate: 
    
    create table instrument (
       INSTRUMENT_ID varchar(255) not null,
        primary key (INSTRUMENT_ID)
    )
Hibernate: 
    
    create table singer (
       id bigint not null,
        VERSION integer,
        BIRTH_DATE date,
        FIRST_NAME varchar(255),
        LAST_NAME varchar(255),
        primary key (id)
    )
Hibernate: 
    
    create table singer_instrument (
       SINGER_ID bigint not null,
        INSTRUMENT_ID varchar(255) not null,
        primary key (INSTRUMENT_ID, SINGER_ID)
    )
Hibernate: 
    
    alter table album 
       add constraint FKsu76te7e01esmhbxtsudsdnql 
       foreign key (SINGER_ID) 
       references singer
Hibernate: 
    
    alter table singer_instrument 
       add constraint FK2b5u8pgm9g6qikqcq4lpngn33 
       foreign key (INSTRUMENT_ID) 
       references instrument
Hibernate: 
    
    alter table singer_instrument 
       add constraint FK7cns9kt2xpdjavoy95w3a1m2p 
       foreign key (SINGER_ID) 
       references singer
15:02:30.087 [Test worker] INFO  o.h.t.s.i.SchemaCreatorImpl - HHH000476: Executing import script 'org.hibernate.tool.schema.internal.exec.ScriptSourceInputNonExistentImpl@50a824ab'
15:02:30.099 [Test worker] INFO  o.h.h.i.QueryTranslatorFactoryInitiator - HHH000397: Using ASTQueryTranslatorFactory
15:02:30.123 [Test worker] INFO  c.a.p.c.c.DBInitializer - Starting database initialization...
Hibernate: 
    /* get current state com.apress.prospring5.ch7.entities.Instrument */ select
        instrument_.INSTRUMENT_ID 
    from
        instrument instrument_ 
    where
        instrument_.INSTRUMENT_ID=?
15:02:30.130 [Test worker] INFO  c.a.p.c.d.SingerDaoImpl - Instrument saved with id: Guitar
Hibernate: 
    /* insert com.apress.prospring5.ch7.entities.Instrument
        */ insert 
        into
            instrument
            (INSTRUMENT_ID) 
        values
            (?)
Hibernate: 
    /* get current state com.apress.prospring5.ch7.entities.Instrument */ select
        instrument_.INSTRUMENT_ID 
    from
        instrument instrument_ 
    where
        instrument_.INSTRUMENT_ID=?
15:02:30.133 [Test worker] INFO  c.a.p.c.d.SingerDaoImpl - Instrument saved with id: Piano
Hibernate: 
    /* insert com.apress.prospring5.ch7.entities.Instrument
        */ insert 
        into
            instrument
            (INSTRUMENT_ID) 
        values
            (?)
Hibernate: 
    /* get current state com.apress.prospring5.ch7.entities.Instrument */ select
        instrument_.INSTRUMENT_ID 
    from
        instrument instrument_ 
    where
        instrument_.INSTRUMENT_ID=?
15:02:30.135 [Test worker] INFO  c.a.p.c.d.SingerDaoImpl - Instrument saved with id: Voice
Hibernate: 
    /* insert com.apress.prospring5.ch7.entities.Instrument
        */ insert 
        into
            instrument
            (INSTRUMENT_ID) 
        values
            (?)
Hibernate: 
    call next value for hibernate_sequence
Hibernate: 
    call next value for hibernate_sequence
Hibernate: 
    call next value for hibernate_sequence
15:02:30.138 [Test worker] INFO  c.a.p.c.d.SingerDaoImpl - Singer saved with id: 1
Hibernate: 
    /* insert com.apress.prospring5.ch7.entities.Singer
        */ insert 
        into
            singer
            (VERSION, BIRTH_DATE, FIRST_NAME, LAST_NAME, id) 
        values
            (?, ?, ?, ?, ?)
Hibernate: 
    /* insert com.apress.prospring5.ch7.entities.Album
        */ insert 
        into
            album
            (VERSION, RELEASE_DATE, SINGER_ID, title, id) 
        values
            (?, ?, ?, ?, ?)
Hibernate: 
    /* insert com.apress.prospring5.ch7.entities.Album
        */ insert 
        into
            album
            (VERSION, RELEASE_DATE, SINGER_ID, title, id) 
        values
            (?, ?, ?, ?, ?)
Hibernate: 
    /* insert collection
        row com.apress.prospring5.ch7.entities.Singer.instruments */ insert 
        into
            singer_instrument
            (SINGER_ID, INSTRUMENT_ID) 
        values
            (?, ?)
Hibernate: 
    /* insert collection
        row com.apress.prospring5.ch7.entities.Singer.instruments */ insert 
        into
            singer_instrument
            (SINGER_ID, INSTRUMENT_ID) 
        values
            (?, ?)
Hibernate: 
    call next value for hibernate_sequence
Hibernate: 
    call next value for hibernate_sequence
15:02:30.143 [Test worker] INFO  c.a.p.c.d.SingerDaoImpl - Singer saved with id: 4
Hibernate: 
    /* insert com.apress.prospring5.ch7.entities.Singer
        */ insert 
        into
            singer
            (VERSION, BIRTH_DATE, FIRST_NAME, LAST_NAME, id) 
        values
            (?, ?, ?, ?, ?)
Hibernate: 
    /* insert com.apress.prospring5.ch7.entities.Album
        */ insert 
        into
            album
            (VERSION, RELEASE_DATE, SINGER_ID, title, id) 
        values
            (?, ?, ?, ?, ?)
Hibernate: 
    /* insert collection
        row com.apress.prospring5.ch7.entities.Singer.instruments */ insert 
        into
            singer_instrument
            (SINGER_ID, INSTRUMENT_ID) 
        values
            (?, ?)
Hibernate: 
    call next value for hibernate_sequence
15:02:30.146 [Test worker] INFO  c.a.p.c.d.SingerDaoImpl - Singer saved with id: 6
Hibernate: 
    /* insert com.apress.prospring5.ch7.entities.Singer
        */ insert 
        into
            singer
            (VERSION, BIRTH_DATE, FIRST_NAME, LAST_NAME, id) 
        values
            (?, ?, ?, ?, ?)
Hibernate: 
    /* insert collection
        row com.apress.prospring5.ch7.entities.Singer.instruments */ insert 
        into
            singer_instrument
            (SINGER_ID, INSTRUMENT_ID) 
        values
            (?, ?)
15:02:30.148 [Test worker] INFO  c.a.p.c.c.DBInitializer - Database initialization finished.
Hibernate: 
    /* Singer.findAllWithAlbum */ select
        distinct singer0_.id as id1_2_0_,
        albums1_.id as id1_0_1_,
        instrument3_.INSTRUMENT_ID as INSTRUME1_1_2_,
        singer0_.VERSION as VERSION2_2_0_,
        singer0_.BIRTH_DATE as BIRTH_DA3_2_0_,
        singer0_.FIRST_NAME as FIRST_NA4_2_0_,
        singer0_.LAST_NAME as LAST_NAM5_2_0_,
        albums1_.VERSION as VERSION2_0_1_,
        albums1_.RELEASE_DATE as RELEASE_3_0_1_,
        albums1_.SINGER_ID as SINGER_I5_0_1_,
        albums1_.title as title4_0_1_,
        albums1_.SINGER_ID as SINGER_I5_0_0__,
        albums1_.id as id1_0_0__,
        instrument2_.SINGER_ID as SINGER_I1_3_1__,
        instrument2_.INSTRUMENT_ID as INSTRUME2_3_1__ 
    from
        singer singer0_ 
    left outer join
        album albums1_ 
            on singer0_.id=albums1_.SINGER_ID 
    left outer join
        singer_instrument instrument2_ 
            on singer0_.id=instrument2_.SINGER_ID 
    left outer join
        instrument instrument3_ 
            on instrument2_.INSTRUMENT_ID=instrument3_.INSTRUMENT_ID
15:02:30.169 [Test worker] INFO  c.a.p.c.SingerDaoTest -  ---- Listing singers with instruments:
15:02:30.170 [Test worker] INFO  c.a.p.c.SingerDaoTest - Singer - id: 1, First name: John, Last name: Mayer, Birthday: 1977-10-16
15:02:30.170 [Test worker] INFO  c.a.p.c.SingerDaoTest - 	Album - id: 3, Singer id: 1, Title: The Search For Everything, Release Date: 2017-01-20
15:02:30.171 [Test worker] INFO  c.a.p.c.SingerDaoTest - 	Album - id: 2, Singer id: 1, Title: Battle Studies, Release Date: 2009-11-17
15:02:30.171 [Test worker] INFO  c.a.p.c.SingerDaoTest - 	Instrument: Piano
15:02:30.171 [Test worker] INFO  c.a.p.c.SingerDaoTest - 	Instrument: Guitar
15:02:30.172 [Test worker] INFO  c.a.p.c.SingerDaoTest - Singer - id: 6, First name: John, Last name: Butler, Birthday: 1975-04-01
15:02:30.172 [Test worker] INFO  c.a.p.c.SingerDaoTest - 	Instrument: Guitar
15:02:30.172 [Test worker] INFO  c.a.p.c.SingerDaoTest - Singer - id: 4, First name: Eric, Last name: Clapton, Birthday: 1945-03-30
15:02:30.172 [Test worker] INFO  c.a.p.c.SingerDaoTest - 	Album - id: 5, Singer id: 4, Title: From The Cradle, Release Date: 1994-09-13
15:02:30.172 [Test worker] INFO  c.a.p.c.SingerDaoTest - 	Instrument: Guitar
15:02:30.173 [Test worker] INFO  c.a.p.c.CleanUp -  ... Deleting database files.
15:02:30.176 [Test worker] INFO  o.h.t.s.i.SchemaDropperImpl$DelayedDropActionImpl - HHH000477: Starting delayed drop of schema as part of SessionFactory shut-down'
Hibernate: 
    
    drop table album if exists
Hibernate: 
    
    drop table instrument if exists
Hibernate: 
    
    drop table singer if exists
Hibernate: 
    
    drop table singer_instrument if exists
Hibernate: 
    
    drop sequence if exists hibernate_sequence
15:02:30.311 [Test worker] INFO  o.h.d.Dialect - HHH000400: Using dialect: org.hibernate.dialect.H2Dialect
Hibernate: 
    
    drop table album if exists
Hibernate: 
    
    drop table instrument if exists
Hibernate: 
    
    drop table singer if exists
Hibernate: 
    
    drop table singer_instrument if exists
Hibernate: 
    
    drop sequence if exists hibernate_sequence
Hibernate: create sequence hibernate_sequence start with 1 increment by 1
Hibernate: 
    
    create table album (
       id bigint not null,
        VERSION integer,
        RELEASE_DATE date,
        title varchar(255),
        SINGER_ID bigint,
        primary key (id)
    )
Hibernate: 
    
    create table instrument (
       INSTRUMENT_ID varchar(255) not null,
        primary key (INSTRUMENT_ID)
    )
Hibernate: 
    
    create table singer (
       id bigint not null,
        VERSION integer,
        BIRTH_DATE date,
        FIRST_NAME varchar(255),
        LAST_NAME varchar(255),
        primary key (id)
    )
Hibernate: 
    
    create table singer_instrument (
       SINGER_ID bigint not null,
        INSTRUMENT_ID varchar(255) not null,
        primary key (INSTRUMENT_ID, SINGER_ID)
    )
Hibernate: 
    
    alter table album 
       add constraint FKsu76te7e01esmhbxtsudsdnql 
       foreign key (SINGER_ID) 
       references singer
Hibernate: 
    
    alter table singer_instrument 
       add constraint FK2b5u8pgm9g6qikqcq4lpngn33 
       foreign key (INSTRUMENT_ID) 
       references instrument
Hibernate: 
    
    alter table singer_instrument 
       add constraint FK7cns9kt2xpdjavoy95w3a1m2p 
       foreign key (SINGER_ID) 
       references singer
15:02:30.354 [Test worker] INFO  o.h.t.s.i.SchemaCreatorImpl - HHH000476: Executing import script 'org.hibernate.tool.schema.internal.exec.ScriptSourceInputNonExistentImpl@50a824ab'
15:02:30.366 [Test worker] INFO  o.h.h.i.QueryTranslatorFactoryInitiator - HHH000397: Using ASTQueryTranslatorFactory
15:02:30.387 [Test worker] INFO  c.a.p.c.c.DBInitializer - Starting database initialization...
Hibernate: 
    /* get current state com.apress.prospring5.ch7.entities.Instrument */ select
        instrument_.INSTRUMENT_ID 
    from
        instrument instrument_ 
    where
        instrument_.INSTRUMENT_ID=?
15:02:30.395 [Test worker] INFO  c.a.p.c.d.SingerDaoImpl - Instrument saved with id: Guitar
Hibernate: 
    /* insert com.apress.prospring5.ch7.entities.Instrument
        */ insert 
        into
            instrument
            (INSTRUMENT_ID) 
        values
            (?)
Hibernate: 
    /* get current state com.apress.prospring5.ch7.entities.Instrument */ select
        instrument_.INSTRUMENT_ID 
    from
        instrument instrument_ 
    where
        instrument_.INSTRUMENT_ID=?
15:02:30.397 [Test worker] INFO  c.a.p.c.d.SingerDaoImpl - Instrument saved with id: Piano
Hibernate: 
    /* insert com.apress.prospring5.ch7.entities.Instrument
        */ insert 
        into
            instrument
            (INSTRUMENT_ID) 
        values
            (?)
Hibernate: 
    /* get current state com.apress.prospring5.ch7.entities.Instrument */ select
        instrument_.INSTRUMENT_ID 
    from
        instrument instrument_ 
    where
        instrument_.INSTRUMENT_ID=?
15:02:30.399 [Test worker] INFO  c.a.p.c.d.SingerDaoImpl - Instrument saved with id: Voice
Hibernate: 
    /* insert com.apress.prospring5.ch7.entities.Instrument
        */ insert 
        into
            instrument
            (INSTRUMENT_ID) 
        values
            (?)
Hibernate: 
    call next value for hibernate_sequence
Hibernate: 
    call next value for hibernate_sequence
Hibernate: 
    call next value for hibernate_sequence
15:02:30.401 [Test worker] INFO  c.a.p.c.d.SingerDaoImpl - Singer saved with id: 1
Hibernate: 
    /* insert com.apress.prospring5.ch7.entities.Singer
        */ insert 
        into
            singer
            (VERSION, BIRTH_DATE, FIRST_NAME, LAST_NAME, id) 
        values
            (?, ?, ?, ?, ?)
Hibernate: 
    /* insert com.apress.prospring5.ch7.entities.Album
        */ insert 
        into
            album
            (VERSION, RELEASE_DATE, SINGER_ID, title, id) 
        values
            (?, ?, ?, ?, ?)
Hibernate: 
    /* insert com.apress.prospring5.ch7.entities.Album
        */ insert 
        into
            album
            (VERSION, RELEASE_DATE, SINGER_ID, title, id) 
        values
            (?, ?, ?, ?, ?)
Hibernate: 
    /* insert collection
        row com.apress.prospring5.ch7.entities.Singer.instruments */ insert 
        into
            singer_instrument
            (SINGER_ID, INSTRUMENT_ID) 
        values
            (?, ?)
Hibernate: 
    /* insert collection
        row com.apress.prospring5.ch7.entities.Singer.instruments */ insert 
        into
            singer_instrument
            (SINGER_ID, INSTRUMENT_ID) 
        values
            (?, ?)
Hibernate: 
    call next value for hibernate_sequence
Hibernate: 
    call next value for hibernate_sequence
15:02:30.405 [Test worker] INFO  c.a.p.c.d.SingerDaoImpl - Singer saved with id: 4
Hibernate: 
    /* insert com.apress.prospring5.ch7.entities.Singer
        */ insert 
        into
            singer
            (VERSION, BIRTH_DATE, FIRST_NAME, LAST_NAME, id) 
        values
            (?, ?, ?, ?, ?)
Hibernate: 
    /* insert com.apress.prospring5.ch7.entities.Album
        */ insert 
        into
            album
            (VERSION, RELEASE_DATE, SINGER_ID, title, id) 
        values
            (?, ?, ?, ?, ?)
Hibernate: 
    /* insert collection
        row com.apress.prospring5.ch7.entities.Singer.instruments */ insert 
        into
            singer_instrument
            (SINGER_ID, INSTRUMENT_ID) 
        values
            (?, ?)
Hibernate: 
    call next value for hibernate_sequence
15:02:30.408 [Test worker] INFO  c.a.p.c.d.SingerDaoImpl - Singer saved with id: 6
Hibernate: 
    /* insert com.apress.prospring5.ch7.entities.Singer
        */ insert 
        into
            singer
            (VERSION, BIRTH_DATE, FIRST_NAME, LAST_NAME, id) 
        values
            (?, ?, ?, ?, ?)
Hibernate: 
    /* insert collection
        row com.apress.prospring5.ch7.entities.Singer.instruments */ insert 
        into
            singer_instrument
            (SINGER_ID, INSTRUMENT_ID) 
        values
            (?, ?)
15:02:30.409 [Test worker] INFO  c.a.p.c.c.DBInitializer - Database initialization finished.
Hibernate: 
    /* Singer.findById */ select
        distinct singer0_.id as id1_2_0_,
        albums1_.id as id1_0_1_,
        instrument3_.INSTRUMENT_ID as INSTRUME1_1_2_,
        singer0_.VERSION as VERSION2_2_0_,
        singer0_.BIRTH_DATE as BIRTH_DA3_2_0_,
        singer0_.FIRST_NAME as FIRST_NA4_2_0_,
        singer0_.LAST_NAME as LAST_NAM5_2_0_,
        albums1_.VERSION as VERSION2_0_1_,
        albums1_.RELEASE_DATE as RELEASE_3_0_1_,
        albums1_.SINGER_ID as SINGER_I5_0_1_,
        albums1_.title as title4_0_1_,
        albums1_.SINGER_ID as SINGER_I5_0_0__,
        albums1_.id as id1_0_0__,
        instrument2_.SINGER_ID as SINGER_I1_3_1__,
        instrument2_.INSTRUMENT_ID as INSTRUME2_3_1__ 
    from
        singer singer0_ 
    left outer join
        album albums1_ 
            on singer0_.id=albums1_.SINGER_ID 
    left outer join
        singer_instrument instrument2_ 
            on singer0_.id=instrument2_.SINGER_ID 
    left outer join
        instrument instrument3_ 
            on instrument2_.INSTRUMENT_ID=instrument3_.INSTRUMENT_ID 
    where
        singer0_.id=?
15:02:30.432 [Test worker] INFO  c.a.p.c.d.SingerDaoImpl - Singer deleted with id: 4
Hibernate: 
    /* delete collection com.apress.prospring5.ch7.entities.Singer.instruments */ delete 
        from
            singer_instrument 
        where
            SINGER_ID=?
Hibernate: 
    /* delete com.apress.prospring5.ch7.entities.Album */ delete 
        from
            album 
        where
            id=? 
            and VERSION=?
Hibernate: 
    /* delete com.apress.prospring5.ch7.entities.Singer */ delete 
        from
            singer 
        where
            id=? 
            and VERSION=?
Hibernate: 
    /* Singer.findAllWithAlbum */ select
        distinct singer0_.id as id1_2_0_,
        albums1_.id as id1_0_1_,
        instrument3_.INSTRUMENT_ID as INSTRUME1_1_2_,
        singer0_.VERSION as VERSION2_2_0_,
        singer0_.BIRTH_DATE as BIRTH_DA3_2_0_,
        singer0_.FIRST_NAME as FIRST_NA4_2_0_,
        singer0_.LAST_NAME as LAST_NAM5_2_0_,
        albums1_.VERSION as VERSION2_0_1_,
        albums1_.RELEASE_DATE as RELEASE_3_0_1_,
        albums1_.SINGER_ID as SINGER_I5_0_1_,
        albums1_.title as title4_0_1_,
        albums1_.SINGER_ID as SINGER_I5_0_0__,
        albums1_.id as id1_0_0__,
        instrument2_.SINGER_ID as SINGER_I1_3_1__,
        instrument2_.INSTRUMENT_ID as INSTRUME2_3_1__ 
    from
        singer singer0_ 
    left outer join
        album albums1_ 
            on singer0_.id=albums1_.SINGER_ID 
    left outer join
        singer_instrument instrument2_ 
            on singer0_.id=instrument2_.SINGER_ID 
    left outer join
        instrument instrument3_ 
            on instrument2_.INSTRUMENT_ID=instrument3_.INSTRUMENT_ID
15:02:30.440 [Test worker] INFO  c.a.p.c.SingerDaoTest -  ---- Listing singers with instruments:
15:02:30.440 [Test worker] INFO  c.a.p.c.SingerDaoTest - Singer - id: 1, First name: John, Last name: Mayer, Birthday: 1977-10-16
15:02:30.441 [Test worker] INFO  c.a.p.c.SingerDaoTest - 	Album - id: 3, Singer id: 1, Title: The Search For Everything, Release Date: 2017-01-20
15:02:30.441 [Test worker] INFO  c.a.p.c.SingerDaoTest - 	Album - id: 2, Singer id: 1, Title: Battle Studies, Release Date: 2009-11-17
15:02:30.441 [Test worker] INFO  c.a.p.c.SingerDaoTest - 	Instrument: Guitar
15:02:30.441 [Test worker] INFO  c.a.p.c.SingerDaoTest - 	Instrument: Piano
15:02:30.441 [Test worker] INFO  c.a.p.c.SingerDaoTest - Singer - id: 6, First name: John, Last name: Butler, Birthday: 1975-04-01
15:02:30.441 [Test worker] INFO  c.a.p.c.SingerDaoTest - 	Instrument: Guitar
15:02:30.441 [Test worker] INFO  c.a.p.c.CleanUp -  ... Deleting database files.
15:02:30.443 [Test worker] INFO  o.h.t.s.i.SchemaDropperImpl$DelayedDropActionImpl - HHH000477: Starting delayed drop of schema as part of SessionFactory shut-down'
Hibernate: 
    
    drop table album if exists
Hibernate: 
    
    drop table instrument if exists
Hibernate: 
    
    drop table singer if exists
Hibernate: 
    
    drop table singer_instrument if exists
Hibernate: 
    
    drop sequence if exists hibernate_sequence
15:02:30.556 [Test worker] INFO  o.h.d.Dialect - HHH000400: Using dialect: org.hibernate.dialect.H2Dialect
Hibernate: 
    
    drop table album if exists
Hibernate: 
    
    drop table instrument if exists
Hibernate: 
    
    drop table singer if exists
Hibernate: 
    
    drop table singer_instrument if exists
Hibernate: 
    
    drop sequence if exists hibernate_sequence
Hibernate: create sequence hibernate_sequence start with 1 increment by 1
Hibernate: 
    
    create table album (
       id bigint not null,
        VERSION integer,
        RELEASE_DATE date,
        title varchar(255),
        SINGER_ID bigint,
        primary key (id)
    )
Hibernate: 
    
    create table instrument (
       INSTRUMENT_ID varchar(255) not null,
        primary key (INSTRUMENT_ID)
    )
Hibernate: 
    
    create table singer (
       id bigint not null,
        VERSION integer,
        BIRTH_DATE date,
        FIRST_NAME varchar(255),
        LAST_NAME varchar(255),
        primary key (id)
    )
Hibernate: 
    
    create table singer_instrument (
       SINGER_ID bigint not null,
        INSTRUMENT_ID varchar(255) not null,
        primary key (INSTRUMENT_ID, SINGER_ID)
    )
Hibernate: 
    
    alter table album 
       add constraint FKsu76te7e01esmhbxtsudsdnql 
       foreign key (SINGER_ID) 
       references singer
Hibernate: 
    
    alter table singer_instrument 
       add constraint FK2b5u8pgm9g6qikqcq4lpngn33 
       foreign key (INSTRUMENT_ID) 
       references instrument
Hibernate: 
    
    alter table singer_instrument 
       add constraint FK7cns9kt2xpdjavoy95w3a1m2p 
       foreign key (SINGER_ID) 
       references singer
15:02:30.585 [Test worker] INFO  o.h.t.s.i.SchemaCreatorImpl - HHH000476: Executing import script 'org.hibernate.tool.schema.internal.exec.ScriptSourceInputNonExistentImpl@50a824ab'
15:02:30.595 [Test worker] INFO  o.h.h.i.QueryTranslatorFactoryInitiator - HHH000397: Using ASTQueryTranslatorFactory
15:02:30.620 [Test worker] INFO  c.a.p.c.c.DBInitializer - Starting database initialization...
Hibernate: 
    /* get current state com.apress.prospring5.ch7.entities.Instrument */ select
        instrument_.INSTRUMENT_ID 
    from
        instrument instrument_ 
    where
        instrument_.INSTRUMENT_ID=?
15:02:30.628 [Test worker] INFO  c.a.p.c.d.SingerDaoImpl - Instrument saved with id: Guitar
Hibernate: 
    /* insert com.apress.prospring5.ch7.entities.Instrument
        */ insert 
        into
            instrument
            (INSTRUMENT_ID) 
        values
            (?)
Hibernate: 
    /* get current state com.apress.prospring5.ch7.entities.Instrument */ select
        instrument_.INSTRUMENT_ID 
    from
        instrument instrument_ 
    where
        instrument_.INSTRUMENT_ID=?
15:02:30.631 [Test worker] INFO  c.a.p.c.d.SingerDaoImpl - Instrument saved with id: Piano
Hibernate: 
    /* insert com.apress.prospring5.ch7.entities.Instrument
        */ insert 
        into
            instrument
            (INSTRUMENT_ID) 
        values
            (?)
Hibernate: 
    /* get current state com.apress.prospring5.ch7.entities.Instrument */ select
        instrument_.INSTRUMENT_ID 
    from
        instrument instrument_ 
    where
        instrument_.INSTRUMENT_ID=?
15:02:30.633 [Test worker] INFO  c.a.p.c.d.SingerDaoImpl - Instrument saved with id: Voice
Hibernate: 
    /* insert com.apress.prospring5.ch7.entities.Instrument
        */ insert 
        into
            instrument
            (INSTRUMENT_ID) 
        values
            (?)
Hibernate: 
    call next value for hibernate_sequence
Hibernate: 
    call next value for hibernate_sequence
Hibernate: 
    call next value for hibernate_sequence
15:02:30.635 [Test worker] INFO  c.a.p.c.d.SingerDaoImpl - Singer saved with id: 1
Hibernate: 
    /* insert com.apress.prospring5.ch7.entities.Singer
        */ insert 
        into
            singer
            (VERSION, BIRTH_DATE, FIRST_NAME, LAST_NAME, id) 
        values
            (?, ?, ?, ?, ?)
Hibernate: 
    /* insert com.apress.prospring5.ch7.entities.Album
        */ insert 
        into
            album
            (VERSION, RELEASE_DATE, SINGER_ID, title, id) 
        values
            (?, ?, ?, ?, ?)
Hibernate: 
    /* insert com.apress.prospring5.ch7.entities.Album
        */ insert 
        into
            album
            (VERSION, RELEASE_DATE, SINGER_ID, title, id) 
        values
            (?, ?, ?, ?, ?)
Hibernate: 
    /* insert collection
        row com.apress.prospring5.ch7.entities.Singer.instruments */ insert 
        into
            singer_instrument
            (SINGER_ID, INSTRUMENT_ID) 
        values
            (?, ?)
Hibernate: 
    /* insert collection
        row com.apress.prospring5.ch7.entities.Singer.instruments */ insert 
        into
            singer_instrument
            (SINGER_ID, INSTRUMENT_ID) 
        values
            (?, ?)
Hibernate: 
    call next value for hibernate_sequence
Hibernate: 
    call next value for hibernate_sequence
15:02:30.640 [Test worker] INFO  c.a.p.c.d.SingerDaoImpl - Singer saved with id: 4
Hibernate: 
    /* insert com.apress.prospring5.ch7.entities.Singer
        */ insert 
        into
            singer
            (VERSION, BIRTH_DATE, FIRST_NAME, LAST_NAME, id) 
        values
            (?, ?, ?, ?, ?)
Hibernate: 
    /* insert com.apress.prospring5.ch7.entities.Album
        */ insert 
        into
            album
            (VERSION, RELEASE_DATE, SINGER_ID, title, id) 
        values
            (?, ?, ?, ?, ?)
Hibernate: 
    /* insert collection
        row com.apress.prospring5.ch7.entities.Singer.instruments */ insert 
        into
            singer_instrument
            (SINGER_ID, INSTRUMENT_ID) 
        values
            (?, ?)
Hibernate: 
    call next value for hibernate_sequence
15:02:30.643 [Test worker] INFO  c.a.p.c.d.SingerDaoImpl - Singer saved with id: 6
Hibernate: 
    /* insert com.apress.prospring5.ch7.entities.Singer
        */ insert 
        into
            singer
            (VERSION, BIRTH_DATE, FIRST_NAME, LAST_NAME, id) 
        values
            (?, ?, ?, ?, ?)
Hibernate: 
    /* insert collection
        row com.apress.prospring5.ch7.entities.Singer.instruments */ insert 
        into
            singer_instrument
            (SINGER_ID, INSTRUMENT_ID) 
        values
            (?, ?)
15:02:30.645 [Test worker] INFO  c.a.p.c.c.DBInitializer - Database initialization finished.
Hibernate: 
    call next value for hibernate_sequence
Hibernate: 
    call next value for hibernate_sequence
Hibernate: 
    call next value for hibernate_sequence
15:02:30.670 [Test worker] INFO  c.a.p.c.d.SingerDaoImpl - Singer saved with id: 7
Hibernate: 
    /* insert com.apress.prospring5.ch7.entities.Singer
        */ insert 
        into
            singer
            (VERSION, BIRTH_DATE, FIRST_NAME, LAST_NAME, id) 
        values
            (?, ?, ?, ?, ?)
Hibernate: 
    /* insert com.apress.prospring5.ch7.entities.Album
        */ insert 
        into
            album
            (VERSION, RELEASE_DATE, SINGER_ID, title, id) 
        values
            (?, ?, ?, ?, ?)
Hibernate: 
    /* insert com.apress.prospring5.ch7.entities.Album
        */ insert 
        into
            album
            (VERSION, RELEASE_DATE, SINGER_ID, title, id) 
        values
            (?, ?, ?, ?, ?)
Hibernate: 
    /* Singer.findAllWithAlbum */ select
        distinct singer0_.id as id1_2_0_,
        albums1_.id as id1_0_1_,
        instrument3_.INSTRUMENT_ID as INSTRUME1_1_2_,
        singer0_.VERSION as VERSION2_2_0_,
        singer0_.BIRTH_DATE as BIRTH_DA3_2_0_,
        singer0_.FIRST_NAME as FIRST_NA4_2_0_,
        singer0_.LAST_NAME as LAST_NAM5_2_0_,
        albums1_.VERSION as VERSION2_0_1_,
        albums1_.RELEASE_DATE as RELEASE_3_0_1_,
        albums1_.SINGER_ID as SINGER_I5_0_1_,
        albums1_.title as title4_0_1_,
        albums1_.SINGER_ID as SINGER_I5_0_0__,
        albums1_.id as id1_0_0__,
        instrument2_.SINGER_ID as SINGER_I1_3_1__,
        instrument2_.INSTRUMENT_ID as INSTRUME2_3_1__ 
    from
        singer singer0_ 
    left outer join
        album albums1_ 
            on singer0_.id=albums1_.SINGER_ID 
    left outer join
        singer_instrument instrument2_ 
            on singer0_.id=instrument2_.SINGER_ID 
    left outer join
        instrument instrument3_ 
            on instrument2_.INSTRUMENT_ID=instrument3_.INSTRUMENT_ID
15:02:30.677 [Test worker] INFO  c.a.p.c.SingerDaoTest -  ---- Listing singers with instruments:
15:02:30.677 [Test worker] INFO  c.a.p.c.SingerDaoTest - Singer - id: 6, First name: John, Last name: Butler, Birthday: 1975-04-01
15:02:30.677 [Test worker] INFO  c.a.p.c.SingerDaoTest - 	Instrument: Guitar
15:02:30.678 [Test worker] INFO  c.a.p.c.SingerDaoTest - Singer - id: 1, First name: John, Last name: Mayer, Birthday: 1977-10-16
15:02:30.678 [Test worker] INFO  c.a.p.c.SingerDaoTest - 	Album - id: 3, Singer id: 1, Title: The Search For Everything, Release Date: 2017-01-20
15:02:30.678 [Test worker] INFO  c.a.p.c.SingerDaoTest - 	Album - id: 2, Singer id: 1, Title: Battle Studies, Release Date: 2009-11-17
15:02:30.678 [Test worker] INFO  c.a.p.c.SingerDaoTest - 	Instrument: Piano
15:02:30.678 [Test worker] INFO  c.a.p.c.SingerDaoTest - 	Instrument: Guitar
15:02:30.678 [Test worker] INFO  c.a.p.c.SingerDaoTest - Singer - id: 7, First name: BB, Last name: King, Birthday: 1940-09-16
15:02:30.678 [Test worker] INFO  c.a.p.c.SingerDaoTest - 	Album - id: 8, Singer id: 7, Title: My Kind of Blues, Release Date: 1961-08-18
15:02:30.678 [Test worker] INFO  c.a.p.c.SingerDaoTest - 	Album - id: 9, Singer id: 7, Title: A Heart Full of Blues, Release Date: 1962-04-20
15:02:30.678 [Test worker] INFO  c.a.p.c.SingerDaoTest - Singer - id: 4, First name: Eric, Last name: Clapton, Birthday: 1945-03-30
15:02:30.679 [Test worker] INFO  c.a.p.c.SingerDaoTest - 	Album - id: 5, Singer id: 4, Title: From The Cradle, Release Date: 1994-09-13
15:02:30.679 [Test worker] INFO  c.a.p.c.SingerDaoTest - 	Instrument: Guitar
15:02:30.679 [Test worker] INFO  c.a.p.c.CleanUp -  ... Deleting database files.
15:02:30.682 [Test worker] INFO  o.h.t.s.i.SchemaDropperImpl$DelayedDropActionImpl - HHH000477: Starting delayed drop of schema as part of SessionFactory shut-down'
Hibernate: 
    
    drop table album if exists
Hibernate: 
    
    drop table instrument if exists
Hibernate: 
    
    drop table singer if exists
Hibernate: 
    
    drop table singer_instrument if exists
Hibernate: 
    
    drop sequence if exists hibernate_sequence
15:02:30.826 [Test worker] INFO  o.h.d.Dialect - HHH000400: Using dialect: org.hibernate.dialect.H2Dialect
Hibernate: 
    
    drop table album if exists
Hibernate: 
    
    drop table instrument if exists
Hibernate: 
    
    drop table singer if exists
Hibernate: 
    
    drop table singer_instrument if exists
Hibernate: 
    
    drop sequence if exists hibernate_sequence
Hibernate: create sequence hibernate_sequence start with 1 increment by 1
Hibernate: 
    
    create table album (
       id bigint not null,
        VERSION integer,
        RELEASE_DATE date,
        title varchar(255),
        SINGER_ID bigint,
        primary key (id)
    )
Hibernate: 
    
    create table instrument (
       INSTRUMENT_ID varchar(255) not null,
        primary key (INSTRUMENT_ID)
    )
Hibernate: 
    
    create table singer (
       id bigint not null,
        VERSION integer,
        BIRTH_DATE date,
        FIRST_NAME varchar(255),
        LAST_NAME varchar(255),
        primary key (id)
    )
Hibernate: 
    
    create table singer_instrument (
       SINGER_ID bigint not null,
        INSTRUMENT_ID varchar(255) not null,
        primary key (INSTRUMENT_ID, SINGER_ID)
    )
Hibernate: 
    
    alter table album 
       add constraint FKsu76te7e01esmhbxtsudsdnql 
       foreign key (SINGER_ID) 
       references singer
Hibernate: 
    
    alter table singer_instrument 
       add constraint FK2b5u8pgm9g6qikqcq4lpngn33 
       foreign key (INSTRUMENT_ID) 
       references instrument
Hibernate: 
    
    alter table singer_instrument 
       add constraint FK7cns9kt2xpdjavoy95w3a1m2p 
       foreign key (SINGER_ID) 
       references singer
15:02:30.866 [Test worker] INFO  o.h.t.s.i.SchemaCreatorImpl - HHH000476: Executing import script 'org.hibernate.tool.schema.internal.exec.ScriptSourceInputNonExistentImpl@50a824ab'
15:02:30.878 [Test worker] INFO  o.h.h.i.QueryTranslatorFactoryInitiator - HHH000397: Using ASTQueryTranslatorFactory
15:02:30.904 [Test worker] INFO  c.a.p.c.c.DBInitializer - Starting database initialization...
Hibernate: 
    /* get current state com.apress.prospring5.ch7.entities.Instrument */ select
        instrument_.INSTRUMENT_ID 
    from
        instrument instrument_ 
    where
        instrument_.INSTRUMENT_ID=?
15:02:30.912 [Test worker] INFO  c.a.p.c.d.SingerDaoImpl - Instrument saved with id: Guitar
Hibernate: 
    /* insert com.apress.prospring5.ch7.entities.Instrument
        */ insert 
        into
            instrument
            (INSTRUMENT_ID) 
        values
            (?)
Hibernate: 
    /* get current state com.apress.prospring5.ch7.entities.Instrument */ select
        instrument_.INSTRUMENT_ID 
    from
        instrument instrument_ 
    where
        instrument_.INSTRUMENT_ID=?
15:02:30.914 [Test worker] INFO  c.a.p.c.d.SingerDaoImpl - Instrument saved with id: Piano
Hibernate: 
    /* insert com.apress.prospring5.ch7.entities.Instrument
        */ insert 
        into
            instrument
            (INSTRUMENT_ID) 
        values
            (?)
Hibernate: 
    /* get current state com.apress.prospring5.ch7.entities.Instrument */ select
        instrument_.INSTRUMENT_ID 
    from
        instrument instrument_ 
    where
        instrument_.INSTRUMENT_ID=?
15:02:30.916 [Test worker] INFO  c.a.p.c.d.SingerDaoImpl - Instrument saved with id: Voice
Hibernate: 
    /* insert com.apress.prospring5.ch7.entities.Instrument
        */ insert 
        into
            instrument
            (INSTRUMENT_ID) 
        values
            (?)
Hibernate: 
    call next value for hibernate_sequence
Hibernate: 
    call next value for hibernate_sequence
Hibernate: 
    call next value for hibernate_sequence
15:02:30.918 [Test worker] INFO  c.a.p.c.d.SingerDaoImpl - Singer saved with id: 1
Hibernate: 
    /* insert com.apress.prospring5.ch7.entities.Singer
        */ insert 
        into
            singer
            (VERSION, BIRTH_DATE, FIRST_NAME, LAST_NAME, id) 
        values
            (?, ?, ?, ?, ?)
Hibernate: 
    /* insert com.apress.prospring5.ch7.entities.Album
        */ insert 
        into
            album
            (VERSION, RELEASE_DATE, SINGER_ID, title, id) 
        values
            (?, ?, ?, ?, ?)
Hibernate: 
    /* insert com.apress.prospring5.ch7.entities.Album
        */ insert 
        into
            album
            (VERSION, RELEASE_DATE, SINGER_ID, title, id) 
        values
            (?, ?, ?, ?, ?)
Hibernate: 
    /* insert collection
        row com.apress.prospring5.ch7.entities.Singer.instruments */ insert 
        into
            singer_instrument
            (SINGER_ID, INSTRUMENT_ID) 
        values
            (?, ?)
Hibernate: 
    /* insert collection
        row com.apress.prospring5.ch7.entities.Singer.instruments */ insert 
        into
            singer_instrument
            (SINGER_ID, INSTRUMENT_ID) 
        values
            (?, ?)
Hibernate: 
    call next value for hibernate_sequence
Hibernate: 
    call next value for hibernate_sequence
15:02:30.923 [Test worker] INFO  c.a.p.c.d.SingerDaoImpl - Singer saved with id: 4
Hibernate: 
    /* insert com.apress.prospring5.ch7.entities.Singer
        */ insert 
        into
            singer
            (VERSION, BIRTH_DATE, FIRST_NAME, LAST_NAME, id) 
        values
            (?, ?, ?, ?, ?)
Hibernate: 
    /* insert com.apress.prospring5.ch7.entities.Album
        */ insert 
        into
            album
            (VERSION, RELEASE_DATE, SINGER_ID, title, id) 
        values
            (?, ?, ?, ?, ?)
Hibernate: 
    /* insert collection
        row com.apress.prospring5.ch7.entities.Singer.instruments */ insert 
        into
            singer_instrument
            (SINGER_ID, INSTRUMENT_ID) 
        values
            (?, ?)
Hibernate: 
    call next value for hibernate_sequence
15:02:30.926 [Test worker] INFO  c.a.p.c.d.SingerDaoImpl - Singer saved with id: 6
Hibernate: 
    /* insert com.apress.prospring5.ch7.entities.Singer
        */ insert 
        into
            singer
            (VERSION, BIRTH_DATE, FIRST_NAME, LAST_NAME, id) 
        values
            (?, ?, ?, ?, ?)
Hibernate: 
    /* insert collection
        row com.apress.prospring5.ch7.entities.Singer.instruments */ insert 
        into
            singer_instrument
            (SINGER_ID, INSTRUMENT_ID) 
        values
            (?, ?)
15:02:30.927 [Test worker] INFO  c.a.p.c.c.DBInitializer - Database initialization finished.
Hibernate: 
    /* Singer.findById */ select
        distinct singer0_.id as id1_2_0_,
        albums1_.id as id1_0_1_,
        instrument3_.INSTRUMENT_ID as INSTRUME1_1_2_,
        singer0_.VERSION as VERSION2_2_0_,
        singer0_.BIRTH_DATE as BIRTH_DA3_2_0_,
        singer0_.FIRST_NAME as FIRST_NA4_2_0_,
        singer0_.LAST_NAME as LAST_NAM5_2_0_,
        albums1_.VERSION as VERSION2_0_1_,
        albums1_.RELEASE_DATE as RELEASE_3_0_1_,
        albums1_.SINGER_ID as SINGER_I5_0_1_,
        albums1_.title as title4_0_1_,
        albums1_.SINGER_ID as SINGER_I5_0_0__,
        albums1_.id as id1_0_0__,
        instrument2_.SINGER_ID as SINGER_I1_3_1__,
        instrument2_.INSTRUMENT_ID as INSTRUME2_3_1__ 
    from
        singer singer0_ 
    left outer join
        album albums1_ 
            on singer0_.id=albums1_.SINGER_ID 
    left outer join
        singer_instrument instrument2_ 
            on singer0_.id=instrument2_.SINGER_ID 
    left outer join
        instrument instrument3_ 
            on instrument2_.INSTRUMENT_ID=instrument3_.INSTRUMENT_ID 
    where
        singer0_.id=?
15:02:30.954 [Test worker] INFO  c.a.p.c.d.SingerDaoImpl - Singer saved with id: 1
Hibernate: 
    /* update
        com.apress.prospring5.ch7.entities.Singer */ update
            singer 
        set
            VERSION=?,
            BIRTH_DATE=?,
            FIRST_NAME=?,
            LAST_NAME=? 
        where
            id=? 
            and VERSION=?
Hibernate: 
    /* update
        com.apress.prospring5.ch7.entities.Album */ update
            album 
        set
            VERSION=?,
            RELEASE_DATE=?,
            SINGER_ID=?,
            title=? 
        where
            id=? 
            and VERSION=?
Hibernate: 
    /* delete com.apress.prospring5.ch7.entities.Album */ delete 
        from
            album 
        where
            id=? 
            and VERSION=?
Hibernate: 
    /* Singer.findAllWithAlbum */ select
        distinct singer0_.id as id1_2_0_,
        albums1_.id as id1_0_1_,
        instrument3_.INSTRUMENT_ID as INSTRUME1_1_2_,
        singer0_.VERSION as VERSION2_2_0_,
        singer0_.BIRTH_DATE as BIRTH_DA3_2_0_,
        singer0_.FIRST_NAME as FIRST_NA4_2_0_,
        singer0_.LAST_NAME as LAST_NAM5_2_0_,
        albums1_.VERSION as VERSION2_0_1_,
        albums1_.RELEASE_DATE as RELEASE_3_0_1_,
        albums1_.SINGER_ID as SINGER_I5_0_1_,
        albums1_.title as title4_0_1_,
        albums1_.SINGER_ID as SINGER_I5_0_0__,
        albums1_.id as id1_0_0__,
        instrument2_.SINGER_ID as SINGER_I1_3_1__,
        instrument2_.INSTRUMENT_ID as INSTRUME2_3_1__ 
    from
        singer singer0_ 
    left outer join
        album albums1_ 
            on singer0_.id=albums1_.SINGER_ID 
    left outer join
        singer_instrument instrument2_ 
            on singer0_.id=instrument2_.SINGER_ID 
    left outer join
        instrument instrument3_ 
            on instrument2_.INSTRUMENT_ID=instrument3_.INSTRUMENT_ID
15:02:30.962 [Test worker] INFO  c.a.p.c.SingerDaoTest -  ---- Listing singers with instruments:
15:02:30.962 [Test worker] INFO  c.a.p.c.SingerDaoTest - Singer - id: 1, First name: John Clayton, Last name: Mayer, Birthday: 1977-10-16
15:02:30.963 [Test worker] INFO  c.a.p.c.SingerDaoTest - 	Album - id: 3, Singer id: 1, Title: The Search For Everything, Release Date: 2017-01-20
15:02:30.963 [Test worker] INFO  c.a.p.c.SingerDaoTest - 	Instrument: Piano
15:02:30.963 [Test worker] INFO  c.a.p.c.SingerDaoTest - 	Instrument: Guitar
15:02:30.963 [Test worker] INFO  c.a.p.c.SingerDaoTest - Singer - id: 4, First name: Eric, Last name: Clapton, Birthday: 1945-03-30
15:02:30.963 [Test worker] INFO  c.a.p.c.SingerDaoTest - 	Album - id: 5, Singer id: 4, Title: From The Cradle, Release Date: 1994-09-13
15:02:30.963 [Test worker] INFO  c.a.p.c.SingerDaoTest - 	Instrument: Guitar
15:02:30.963 [Test worker] INFO  c.a.p.c.SingerDaoTest - Singer - id: 6, First name: John, Last name: Butler, Birthday: 1975-04-01
15:02:30.963 [Test worker] INFO  c.a.p.c.SingerDaoTest - 	Instrument: Guitar
15:02:30.964 [Test worker] INFO  c.a.p.c.CleanUp -  ... Deleting database files.
15:02:30.966 [Test worker] INFO  o.h.t.s.i.SchemaDropperImpl$DelayedDropActionImpl - HHH000477: Starting delayed drop of schema as part of SessionFactory shut-down'
Hibernate: 
    
    drop table album if exists
Hibernate: 
    
    drop table instrument if exists
Hibernate: 
    
    drop table singer if exists
Hibernate: 
    
    drop table singer_instrument if exists
Hibernate: 
    
    drop sequence if exists hibernate_sequence
]]></system-out>
  <system-err><![CDATA[]]></system-err>
</testsuite>
