<?xml version="1.0" encoding="UTF-8"?>
<testsuite name="com.apress.prospring5.ch6.RowMapperTest" tests="1" skipped="0" failures="0" errors="0" timestamp="2019-02-01T19:32:20" hostname="simon-XPS-15-9560" time="0.92">
  <properties/>
  <testcase name="testRowMapper" classname="com.apress.prospring5.ch6.RowMapperTest" time="0.92"/>
  <system-out><![CDATA[15:02:20,077 |-INFO in ch.qos.logback.classic.LoggerContext[default] - Could NOT find resource [logback-test.xml]
15:02:20,077 |-INFO in ch.qos.logback.classic.LoggerContext[default] - Could NOT find resource [logback.groovy]
15:02:20,078 |-INFO in ch.qos.logback.classic.LoggerContext[default] - Found resource [logback.xml] at [file:/media/simon/OS/opt/book/pro%20spring%205/small/chapter06/spring-jdbc-rowmapper/build/resources/main/logback.xml]
15:02:20,079 |-WARN in ch.qos.logback.classic.LoggerContext[default] - Resource [logback.xml] occurs multiple times on the classpath.
15:02:20,079 |-WARN in ch.qos.logback.classic.LoggerContext[default] - Resource [logback.xml] occurs at [file:/media/simon/OS/opt/book/pro%20spring%205/small/chapter06/spring-jdbc-rowmapper/build/resources/main/logback.xml]
15:02:20,079 |-WARN in ch.qos.logback.classic.LoggerContext[default] - Resource [logback.xml] occurs at [jar:file:/media/simon/OS/opt/book/pro%20spring%205/small/chapter06/plain-jdbc/build/libs/plain-jdbc-5.0-SNAPSHOT.jar!/logback.xml]
15:02:20,138 |-INFO in ch.qos.logback.classic.joran.action.ConfigurationAction - debug attribute not set
15:02:20,140 |-INFO in ch.qos.logback.classic.joran.action.LoggerContextListenerAction - Adding LoggerContextListener of type [ch.qos.logback.classic.jul.LevelChangePropagator] to the object stack
15:02:20,152 |-INFO in ch.qos.logback.classic.jul.LevelChangePropagator@275b3ebd - Propagating DEBUG level on Logger[ROOT] onto the JUL framework
15:02:20,152 |-INFO in ch.qos.logback.classic.joran.action.LoggerContextListenerAction - Starting LoggerContextListener
15:02:20,152 |-INFO in ch.qos.logback.core.joran.action.AppenderAction - About to instantiate appender of type [ch.qos.logback.core.ConsoleAppender]
15:02:20,155 |-INFO in ch.qos.logback.core.joran.action.AppenderAction - Naming appender as [console]
15:02:20,157 |-INFO in ch.qos.logback.core.joran.action.NestedComplexPropertyIA - Assuming default type [ch.qos.logback.classic.encoder.PatternLayoutEncoder] for [encoder] property
15:02:20,203 |-INFO in ch.qos.logback.classic.joran.action.LoggerAction - Setting level of logger [com.apress.prospring5.ch6] to DEBUG
15:02:20,203 |-INFO in ch.qos.logback.classic.jul.LevelChangePropagator@275b3ebd - Propagating DEBUG level on Logger[com.apress.prospring5.ch6] onto the JUL framework
15:02:20,203 |-INFO in ch.qos.logback.classic.joran.action.LoggerAction - Setting level of logger [org.springframework] to OFF
15:02:20,203 |-INFO in ch.qos.logback.classic.jul.LevelChangePropagator@275b3ebd - Propagating OFF level on Logger[org.springframework] onto the JUL framework
15:02:20,203 |-INFO in ch.qos.logback.classic.joran.action.RootLoggerAction - Setting level of ROOT logger to INFO
15:02:20,203 |-INFO in ch.qos.logback.classic.jul.LevelChangePropagator@275b3ebd - Propagating INFO level on Logger[ROOT] onto the JUL framework
15:02:20,203 |-INFO in ch.qos.logback.core.joran.action.AppenderRefAction - Attaching appender named [console] to Logger[ROOT]
15:02:20,204 |-INFO in ch.qos.logback.classic.joran.action.ConfigurationAction - End of configuration.
15:02:20,204 |-INFO in ch.qos.logback.classic.joran.JoranConfigurator@35f4f3ba - Registering current configuration as safe fallback point

Singer - Id: 1, First name: John, Last name: Mayer, Birthday: 1977-10-16
Singer - Id: 2, First name: Eric, Last name: Clapton, Birthday: 1945-03-30
Singer - Id: 3, First name: John, Last name: Butler, Birthday: 1975-04-01
15:02:20.920 [Test worker] INFO  c.a.p.c.CleanUp -  ... Deleting database files.
]]></system-out>
  <system-err><![CDATA[]]></system-err>
</testsuite>
